<?xml version="1.0" encoding="UTF-8"?>
<testsuite name="com.cappuccino.test.integration.UserServiceIntegrationTest" tests="0" skipped="0" failures="0" errors="0" timestamp="1970-01-01T00:00:00" hostname="marketplay-lm" time="0.0">
  <properties/>
  <system-out><![CDATA[389  [Test worker] INFO  o.s.b.t.c.SpringBootTestContextBootstrapper - Neither @ContextConfiguration nor @ContextHierarchy found for test class [com.cappuccino.test.integration.UserServiceIntegrationTest], using SpringBootContextLoader
390  [Test worker] INFO  o.s.t.c.s.AbstractContextLoader - Could not detect default resource locations for test class [com.cappuccino.test.integration.UserServiceIntegrationTest]: no resource found for suffixes {-context.xml, Context.groovy}.
393  [Test worker] INFO  o.s.t.c.s.AnnotationConfigContextLoaderUtils - Could not detect default configuration classes for test class [com.cappuccino.test.integration.UserServiceIntegrationTest]: UserServiceIntegrationTest does not declare any static, non-private, non-final, nested classes annotated with @Configuration.
395  [Test worker] INFO  o.s.b.t.c.SpringBootTestContextBootstrapper - Found @SpringBootConfiguration com.cappuccino.CappuccinoApplication for test class com.cappuccino.test.integration.UserServiceIntegrationTest
397  [Test worker] INFO  o.s.b.t.c.SpringBootTestContextBootstrapper - Loaded default TestExecutionListener class names from location [META-INF/spring.factories]: [org.springframework.boot.test.mock.mockito.MockitoTestExecutionListener, org.springframework.boot.test.mock.mockito.ResetMocksTestExecutionListener, org.springframework.boot.test.autoconfigure.restdocs.RestDocsTestExecutionListener, org.springframework.boot.test.autoconfigure.web.client.MockRestServiceServerResetTestExecutionListener, org.springframework.boot.test.autoconfigure.web.servlet.MockMvcPrintOnlyOnFailureTestExecutionListener, org.springframework.boot.test.autoconfigure.web.servlet.WebDriverTestExecutionListener, org.springframework.test.context.web.ServletTestExecutionListener, org.springframework.test.context.support.DirtiesContextBeforeModesTestExecutionListener, org.springframework.test.context.support.DependencyInjectionTestExecutionListener, org.springframework.test.context.support.DirtiesContextTestExecutionListener, org.springframework.test.context.transaction.TransactionalTestExecutionListener, org.springframework.test.context.jdbc.SqlScriptsTestExecutionListener]
399  [Test worker] INFO  o.s.b.t.c.SpringBootTestContextBootstrapper - Using TestExecutionListeners: [org.springframework.test.context.web.ServletTestExecutionListener@5a34326f, org.springframework.test.context.support.DirtiesContextBeforeModesTestExecutionListener@775a3630, org.springframework.boot.test.autoconfigure.SpringBootDependencyInjectionTestExecutionListener@4d91ae6d, org.springframework.test.context.support.DirtiesContextTestExecutionListener@7b5fb30f, org.springframework.test.context.transaction.TransactionalTestExecutionListener@35141, org.springframework.test.context.jdbc.SqlScriptsTestExecutionListener@264e1cc7, org.springframework.boot.test.autoconfigure.web.client.MockRestServiceServerResetTestExecutionListener@666c3ca5, org.springframework.boot.test.autoconfigure.web.servlet.MockMvcPrintOnlyOnFailureTestExecutionListener@602d2cac, org.springframework.boot.test.autoconfigure.restdocs.RestDocsTestExecutionListener@7a3ef0b1, org.springframework.boot.test.mock.mockito.MockitoTestExecutionListener@2cc06315, org.springframework.boot.test.autoconfigure.web.servlet.WebDriverTestExecutionListener@2bceeb3c, org.springframework.boot.test.mock.mockito.ResetMocksTestExecutionListener@228feaa5]
]]></system-out>
  <system-err><![CDATA[]]></system-err>
</testsuite>
