<?xml version="1.0" encoding="UTF-8"?>
<testsuite name="com.cappuccino.test.unit.UserUtilsUnitTest" tests="1" skipped="0" failures="0" errors="0" timestamp="2017-01-17T15:30:44" hostname="marketplay-lm" time="0.008">
  <properties/>
  <testcase name="testPasswordEmailUrlConstruction" classname="com.cappuccino.test.unit.UserUtilsUnitTest" time="0.008"/>
  <system-out><![CDATA[]]></system-out>
  <system-err><![CDATA[]]></system-err>
</testsuite>
