<?xml version="1.0" encoding="UTF-8"?>
<testsuite name="com.cappuccino.CappuccinoApplicationTest" tests="0" skipped="0" failures="0" errors="0" timestamp="1970-01-01T00:00:00" hostname="marketplay-lm" time="0.0">
  <properties/>
  <system-out><![CDATA[236  [Test worker] INFO  o.s.b.t.c.SpringBootTestContextBootstrapper - Neither @ContextConfiguration nor @ContextHierarchy found for test class [com.cappuccino.CappuccinoApplicationTest], using SpringBootContextLoader
241  [Test worker] INFO  o.s.t.c.s.AbstractContextLoader - Could not detect default resource locations for test class [com.cappuccino.CappuccinoApplicationTest]: no resource found for suffixes {-context.xml, Context.groovy}.
242  [Test worker] INFO  o.s.t.c.s.AnnotationConfigContextLoaderUtils - Could not detect default configuration classes for test class [com.cappuccino.CappuccinoApplicationTest]: CappuccinoApplicationTest does not declare any static, non-private, non-final, nested classes annotated with @Configuration.
330  [Test worker] INFO  o.s.b.t.c.SpringBootTestContextBootstrapper - Found @SpringBootConfiguration com.cappuccino.CappuccinoApplication for test class com.cappuccino.CappuccinoApplicationTest
339  [Test worker] INFO  o.s.b.t.c.SpringBootTestContextBootstrapper - Loaded default TestExecutionListener class names from location [META-INF/spring.factories]: [org.springframework.boot.test.mock.mockito.MockitoTestExecutionListener, org.springframework.boot.test.mock.mockito.ResetMocksTestExecutionListener, org.springframework.boot.test.autoconfigure.restdocs.RestDocsTestExecutionListener, org.springframework.boot.test.autoconfigure.web.client.MockRestServiceServerResetTestExecutionListener, org.springframework.boot.test.autoconfigure.web.servlet.MockMvcPrintOnlyOnFailureTestExecutionListener, org.springframework.boot.test.autoconfigure.web.servlet.WebDriverTestExecutionListener, org.springframework.test.context.web.ServletTestExecutionListener, org.springframework.test.context.support.DirtiesContextBeforeModesTestExecutionListener, org.springframework.test.context.support.DependencyInjectionTestExecutionListener, org.springframework.test.context.support.DirtiesContextTestExecutionListener, org.springframework.test.context.transaction.TransactionalTestExecutionListener, org.springframework.test.context.jdbc.SqlScriptsTestExecutionListener]
358  [Test worker] INFO  o.s.b.t.c.SpringBootTestContextBootstrapper - Using TestExecutionListeners: [org.springframework.test.context.web.ServletTestExecutionListener@23bf0c50, org.springframework.test.context.support.DirtiesContextBeforeModesTestExecutionListener@758767a0, org.springframework.boot.test.autoconfigure.SpringBootDependencyInjectionTestExecutionListener@1f31d10b, org.springframework.test.context.support.DirtiesContextTestExecutionListener@42fc89c7, org.springframework.test.context.transaction.TransactionalTestExecutionListener@19fad044, org.springframework.test.context.jdbc.SqlScriptsTestExecutionListener@578e1ebc, org.springframework.boot.test.mock.mockito.ResetMocksTestExecutionListener@462624cf, org.springframework.boot.test.autoconfigure.restdocs.RestDocsTestExecutionListener@60322f7d, org.springframework.boot.test.autoconfigure.web.servlet.MockMvcPrintOnlyOnFailureTestExecutionListener@2f05bbcf, org.springframework.boot.test.mock.mockito.MockitoTestExecutionListener@8592b6d, org.springframework.boot.test.autoconfigure.web.client.MockRestServiceServerResetTestExecutionListener@7f2e66f5, org.springframework.boot.test.autoconfigure.web.servlet.WebDriverTestExecutionListener@e16f7aa]
]]></system-out>
  <system-err><![CDATA[]]></system-err>
</testsuite>
