<?xml version="1.0" encoding="UTF-8"?>
<testsuite name="com.cappuccino.test.integration.PasswordResetTokenServiceIntegrationTest" tests="0" skipped="0" failures="0" errors="0" timestamp="1970-01-01T00:00:00" hostname="marketplay-lm" time="0.0">
  <properties/>
  <system-out><![CDATA[369  [Test worker] INFO  o.s.b.t.c.SpringBootTestContextBootstrapper - Neither @ContextConfiguration nor @ContextHierarchy found for test class [com.cappuccino.test.integration.PasswordResetTokenServiceIntegrationTest], using SpringBootContextLoader
369  [Test worker] INFO  o.s.t.c.s.AbstractContextLoader - Could not detect default resource locations for test class [com.cappuccino.test.integration.PasswordResetTokenServiceIntegrationTest]: no resource found for suffixes {-context.xml, Context.groovy}.
370  [Test worker] INFO  o.s.t.c.s.AnnotationConfigContextLoaderUtils - Could not detect default configuration classes for test class [com.cappuccino.test.integration.PasswordResetTokenServiceIntegrationTest]: PasswordResetTokenServiceIntegrationTest does not declare any static, non-private, non-final, nested classes annotated with @Configuration.
373  [Test worker] INFO  o.s.b.t.c.SpringBootTestContextBootstrapper - Found @SpringBootConfiguration com.cappuccino.CappuccinoApplication for test class com.cappuccino.test.integration.PasswordResetTokenServiceIntegrationTest
376  [Test worker] INFO  o.s.b.t.c.SpringBootTestContextBootstrapper - Loaded default TestExecutionListener class names from location [META-INF/spring.factories]: [org.springframework.boot.test.mock.mockito.MockitoTestExecutionListener, org.springframework.boot.test.mock.mockito.ResetMocksTestExecutionListener, org.springframework.boot.test.autoconfigure.restdocs.RestDocsTestExecutionListener, org.springframework.boot.test.autoconfigure.web.client.MockRestServiceServerResetTestExecutionListener, org.springframework.boot.test.autoconfigure.web.servlet.MockMvcPrintOnlyOnFailureTestExecutionListener, org.springframework.boot.test.autoconfigure.web.servlet.WebDriverTestExecutionListener, org.springframework.test.context.web.ServletTestExecutionListener, org.springframework.test.context.support.DirtiesContextBeforeModesTestExecutionListener, org.springframework.test.context.support.DependencyInjectionTestExecutionListener, org.springframework.test.context.support.DirtiesContextTestExecutionListener, org.springframework.test.context.transaction.TransactionalTestExecutionListener, org.springframework.test.context.jdbc.SqlScriptsTestExecutionListener]
378  [Test worker] INFO  o.s.b.t.c.SpringBootTestContextBootstrapper - Using TestExecutionListeners: [org.springframework.test.context.web.ServletTestExecutionListener@567f33d6, org.springframework.test.context.support.DirtiesContextBeforeModesTestExecutionListener@4e528793, org.springframework.boot.test.autoconfigure.SpringBootDependencyInjectionTestExecutionListener@46f9e099, org.springframework.test.context.support.DirtiesContextTestExecutionListener@c8b3141, org.springframework.test.context.transaction.TransactionalTestExecutionListener@23454285, org.springframework.test.context.jdbc.SqlScriptsTestExecutionListener@79f12761, org.springframework.boot.test.autoconfigure.web.client.MockRestServiceServerResetTestExecutionListener@7005fdee, org.springframework.boot.test.autoconfigure.web.servlet.MockMvcPrintOnlyOnFailureTestExecutionListener@25d1cb96, org.springframework.boot.test.autoconfigure.restdocs.RestDocsTestExecutionListener@2c09e4c3, org.springframework.boot.test.mock.mockito.MockitoTestExecutionListener@5c33040c, org.springframework.boot.test.autoconfigure.web.servlet.WebDriverTestExecutionListener@38678e9, org.springframework.boot.test.mock.mockito.ResetMocksTestExecutionListener@28209e74]
]]></system-out>
  <system-err><![CDATA[]]></system-err>
</testsuite>
