<?xml version="1.0" encoding="UTF-8"?>
<testsuite name="com.cappuccino.test.integration.PasswordResetTokenServiceIntegrationTest" tests="0" skipped="0" failures="0" errors="0" timestamp="1970-01-01T00:00:00" hostname="marketplay-lm" time="0.0">
  <properties/>
  <system-out><![CDATA[451  [Test worker] INFO  o.s.b.t.c.SpringBootTestContextBootstrapper - Neither @ContextConfiguration nor @ContextHierarchy found for test class [com.cappuccino.test.integration.PasswordResetTokenServiceIntegrationTest], using SpringBootContextLoader
453  [Test worker] INFO  o.s.t.c.s.AbstractContextLoader - Could not detect default resource locations for test class [com.cappuccino.test.integration.PasswordResetTokenServiceIntegrationTest]: no resource found for suffixes {-context.xml, Context.groovy}.
453  [Test worker] INFO  o.s.t.c.s.AnnotationConfigContextLoaderUtils - Could not detect default configuration classes for test class [com.cappuccino.test.integration.PasswordResetTokenServiceIntegrationTest]: PasswordResetTokenServiceIntegrationTest does not declare any static, non-private, non-final, nested classes annotated with @Configuration.
457  [Test worker] INFO  o.s.b.t.c.SpringBootTestContextBootstrapper - Found @SpringBootConfiguration com.cappuccino.CappuccinoApplication for test class com.cappuccino.test.integration.PasswordResetTokenServiceIntegrationTest
461  [Test worker] INFO  o.s.b.t.c.SpringBootTestContextBootstrapper - Loaded default TestExecutionListener class names from location [META-INF/spring.factories]: [org.springframework.boot.test.mock.mockito.MockitoTestExecutionListener, org.springframework.boot.test.mock.mockito.ResetMocksTestExecutionListener, org.springframework.boot.test.autoconfigure.restdocs.RestDocsTestExecutionListener, org.springframework.boot.test.autoconfigure.web.client.MockRestServiceServerResetTestExecutionListener, org.springframework.boot.test.autoconfigure.web.servlet.MockMvcPrintOnlyOnFailureTestExecutionListener, org.springframework.boot.test.autoconfigure.web.servlet.WebDriverTestExecutionListener, org.springframework.test.context.web.ServletTestExecutionListener, org.springframework.test.context.support.DirtiesContextBeforeModesTestExecutionListener, org.springframework.test.context.support.DependencyInjectionTestExecutionListener, org.springframework.test.context.support.DirtiesContextTestExecutionListener, org.springframework.test.context.transaction.TransactionalTestExecutionListener, org.springframework.test.context.jdbc.SqlScriptsTestExecutionListener]
464  [Test worker] INFO  o.s.b.t.c.SpringBootTestContextBootstrapper - Using TestExecutionListeners: [org.springframework.test.context.web.ServletTestExecutionListener@7d802d86, org.springframework.test.context.support.DirtiesContextBeforeModesTestExecutionListener@1b552f74, org.springframework.boot.test.autoconfigure.SpringBootDependencyInjectionTestExecutionListener@501defe4, org.springframework.test.context.support.DirtiesContextTestExecutionListener@2b5cee51, org.springframework.test.context.transaction.TransactionalTestExecutionListener@57cc1aa1, org.springframework.test.context.jdbc.SqlScriptsTestExecutionListener@6550b1a3, org.springframework.boot.test.autoconfigure.web.servlet.MockMvcPrintOnlyOnFailureTestExecutionListener@5a0d0022, org.springframework.boot.test.autoconfigure.restdocs.RestDocsTestExecutionListener@16ef5354, org.springframework.boot.test.autoconfigure.web.servlet.WebDriverTestExecutionListener@21c15a3a, org.springframework.boot.test.mock.mockito.ResetMocksTestExecutionListener@417c2a08, org.springframework.boot.test.autoconfigure.web.client.MockRestServiceServerResetTestExecutionListener@73c23e15, org.springframework.boot.test.mock.mockito.MockitoTestExecutionListener@1fdba6ca]
]]></system-out>
  <system-err><![CDATA[]]></system-err>
</testsuite>
