<?xml version="1.0" encoding="UTF-8"?>
<testsuite name="com.cappuccino.test.integration.PasswordResetTokenIntegrationTest" tests="0" skipped="0" failures="0" errors="0" timestamp="1970-01-01T00:00:00" hostname="marketplay-lm" time="0.0">
  <properties/>
  <system-out><![CDATA[390  [Test worker] INFO  o.s.b.t.c.SpringBootTestContextBootstrapper - Neither @ContextConfiguration nor @ContextHierarchy found for test class [com.cappuccino.test.integration.PasswordResetTokenIntegrationTest], using SpringBootContextLoader
391  [Test worker] INFO  o.s.t.c.s.AbstractContextLoader - Could not detect default resource locations for test class [com.cappuccino.test.integration.PasswordResetTokenIntegrationTest]: no resource found for suffixes {-context.xml, Context.groovy}.
391  [Test worker] INFO  o.s.t.c.s.AnnotationConfigContextLoaderUtils - Could not detect default configuration classes for test class [com.cappuccino.test.integration.PasswordResetTokenIntegrationTest]: PasswordResetTokenIntegrationTest does not declare any static, non-private, non-final, nested classes annotated with @Configuration.
412  [Test worker] INFO  o.s.b.t.c.SpringBootTestContextBootstrapper - Found @SpringBootConfiguration com.cappuccino.CappuccinoApplication for test class com.cappuccino.test.integration.PasswordResetTokenIntegrationTest
417  [Test worker] INFO  o.s.b.t.c.SpringBootTestContextBootstrapper - Loaded default TestExecutionListener class names from location [META-INF/spring.factories]: [org.springframework.boot.test.mock.mockito.MockitoTestExecutionListener, org.springframework.boot.test.mock.mockito.ResetMocksTestExecutionListener, org.springframework.boot.test.autoconfigure.restdocs.RestDocsTestExecutionListener, org.springframework.boot.test.autoconfigure.web.client.MockRestServiceServerResetTestExecutionListener, org.springframework.boot.test.autoconfigure.web.servlet.MockMvcPrintOnlyOnFailureTestExecutionListener, org.springframework.boot.test.autoconfigure.web.servlet.WebDriverTestExecutionListener, org.springframework.test.context.web.ServletTestExecutionListener, org.springframework.test.context.support.DirtiesContextBeforeModesTestExecutionListener, org.springframework.test.context.support.DependencyInjectionTestExecutionListener, org.springframework.test.context.support.DirtiesContextTestExecutionListener, org.springframework.test.context.transaction.TransactionalTestExecutionListener, org.springframework.test.context.jdbc.SqlScriptsTestExecutionListener]
420  [Test worker] INFO  o.s.b.t.c.SpringBootTestContextBootstrapper - Using TestExecutionListeners: [org.springframework.test.context.web.ServletTestExecutionListener@6ee55953, org.springframework.test.context.support.DirtiesContextBeforeModesTestExecutionListener@46ec0754, org.springframework.boot.test.autoconfigure.SpringBootDependencyInjectionTestExecutionListener@e686672, org.springframework.test.context.support.DirtiesContextTestExecutionListener@61330db9, org.springframework.test.context.transaction.TransactionalTestExecutionListener@25d8ff0d, org.springframework.test.context.jdbc.SqlScriptsTestExecutionListener@3a88a45, org.springframework.boot.test.mock.mockito.MockitoTestExecutionListener@4e3e37b4, org.springframework.boot.test.autoconfigure.web.servlet.MockMvcPrintOnlyOnFailureTestExecutionListener@3719a50f, org.springframework.boot.test.autoconfigure.restdocs.RestDocsTestExecutionListener@55db1476, org.springframework.boot.test.autoconfigure.web.client.MockRestServiceServerResetTestExecutionListener@12e6562a, org.springframework.boot.test.autoconfigure.web.servlet.WebDriverTestExecutionListener@2dda4055, org.springframework.boot.test.mock.mockito.ResetMocksTestExecutionListener@5711b93c]
]]></system-out>
  <system-err><![CDATA[]]></system-err>
</testsuite>
