<?xml version="1.0" encoding="UTF-8"?>
<testsuite name="com.cappuccino.CappuccinoApplicationTest" tests="0" skipped="0" failures="0" errors="0" timestamp="1970-01-01T00:00:00" hostname="marketplay-lm" time="0.0">
  <properties/>
  <system-out><![CDATA[222  [Test worker] INFO  o.s.b.t.c.SpringBootTestContextBootstrapper - Neither @ContextConfiguration nor @ContextHierarchy found for test class [com.cappuccino.CappuccinoApplicationTest], using SpringBootContextLoader
227  [Test worker] INFO  o.s.t.c.s.AbstractContextLoader - Could not detect default resource locations for test class [com.cappuccino.CappuccinoApplicationTest]: no resource found for suffixes {-context.xml, Context.groovy}.
228  [Test worker] INFO  o.s.t.c.s.AnnotationConfigContextLoaderUtils - Could not detect default configuration classes for test class [com.cappuccino.CappuccinoApplicationTest]: CappuccinoApplicationTest does not declare any static, non-private, non-final, nested classes annotated with @Configuration.
329  [Test worker] INFO  o.s.b.t.c.SpringBootTestContextBootstrapper - Found @SpringBootConfiguration com.cappuccino.CappuccinoApplication for test class com.cappuccino.CappuccinoApplicationTest
334  [Test worker] INFO  o.s.b.t.c.SpringBootTestContextBootstrapper - Loaded default TestExecutionListener class names from location [META-INF/spring.factories]: [org.springframework.boot.test.mock.mockito.MockitoTestExecutionListener, org.springframework.boot.test.mock.mockito.ResetMocksTestExecutionListener, org.springframework.boot.test.autoconfigure.restdocs.RestDocsTestExecutionListener, org.springframework.boot.test.autoconfigure.web.client.MockRestServiceServerResetTestExecutionListener, org.springframework.boot.test.autoconfigure.web.servlet.MockMvcPrintOnlyOnFailureTestExecutionListener, org.springframework.boot.test.autoconfigure.web.servlet.WebDriverTestExecutionListener, org.springframework.test.context.web.ServletTestExecutionListener, org.springframework.test.context.support.DirtiesContextBeforeModesTestExecutionListener, org.springframework.test.context.support.DependencyInjectionTestExecutionListener, org.springframework.test.context.support.DirtiesContextTestExecutionListener, org.springframework.test.context.transaction.TransactionalTestExecutionListener, org.springframework.test.context.jdbc.SqlScriptsTestExecutionListener]
351  [Test worker] INFO  o.s.b.t.c.SpringBootTestContextBootstrapper - Using TestExecutionListeners: [org.springframework.test.context.web.ServletTestExecutionListener@49f3373d, org.springframework.test.context.support.DirtiesContextBeforeModesTestExecutionListener@442ce079, org.springframework.boot.test.autoconfigure.SpringBootDependencyInjectionTestExecutionListener@5ee3925d, org.springframework.test.context.support.DirtiesContextTestExecutionListener@759e5b19, org.springframework.test.context.transaction.TransactionalTestExecutionListener@2584d048, org.springframework.test.context.jdbc.SqlScriptsTestExecutionListener@688c3a9, org.springframework.boot.test.mock.mockito.MockitoTestExecutionListener@443bd85f, org.springframework.boot.test.autoconfigure.web.servlet.MockMvcPrintOnlyOnFailureTestExecutionListener@437a0552, org.springframework.boot.test.mock.mockito.ResetMocksTestExecutionListener@40ff9be5, org.springframework.boot.test.autoconfigure.web.client.MockRestServiceServerResetTestExecutionListener@aa9dd8, org.springframework.boot.test.autoconfigure.web.servlet.WebDriverTestExecutionListener@1ac944b2, org.springframework.boot.test.autoconfigure.restdocs.RestDocsTestExecutionListener@90a922c]
]]></system-out>
  <system-err><![CDATA[]]></system-err>
</testsuite>
