<?xml version="1.0" encoding="UTF-8"?>
<testsuite name="com.cappuccino.test.integration.UserServiceIntegrationTest" tests="0" skipped="0" failures="0" errors="0" timestamp="1970-01-01T00:00:00" hostname="marketplay-lm" time="0.0">
  <properties/>
  <system-out><![CDATA[503  [Test worker] INFO  o.s.b.t.c.SpringBootTestContextBootstrapper - Neither @ContextConfiguration nor @ContextHierarchy found for test class [com.cappuccino.test.integration.UserServiceIntegrationTest], using SpringBootContextLoader
514  [Test worker] INFO  o.s.t.c.s.AbstractContextLoader - Could not detect default resource locations for test class [com.cappuccino.test.integration.UserServiceIntegrationTest]: no resource found for suffixes {-context.xml, Context.groovy}.
520  [Test worker] INFO  o.s.t.c.s.AnnotationConfigContextLoaderUtils - Could not detect default configuration classes for test class [com.cappuccino.test.integration.UserServiceIntegrationTest]: UserServiceIntegrationTest does not declare any static, non-private, non-final, nested classes annotated with @Configuration.
526  [Test worker] INFO  o.s.b.t.c.SpringBootTestContextBootstrapper - Found @SpringBootConfiguration com.cappuccino.CappuccinoApplication for test class com.cappuccino.test.integration.UserServiceIntegrationTest
533  [Test worker] INFO  o.s.b.t.c.SpringBootTestContextBootstrapper - Loaded default TestExecutionListener class names from location [META-INF/spring.factories]: [org.springframework.boot.test.mock.mockito.MockitoTestExecutionListener, org.springframework.boot.test.mock.mockito.ResetMocksTestExecutionListener, org.springframework.boot.test.autoconfigure.restdocs.RestDocsTestExecutionListener, org.springframework.boot.test.autoconfigure.web.client.MockRestServiceServerResetTestExecutionListener, org.springframework.boot.test.autoconfigure.web.servlet.MockMvcPrintOnlyOnFailureTestExecutionListener, org.springframework.boot.test.autoconfigure.web.servlet.WebDriverTestExecutionListener, org.springframework.test.context.web.ServletTestExecutionListener, org.springframework.test.context.support.DirtiesContextBeforeModesTestExecutionListener, org.springframework.test.context.support.DependencyInjectionTestExecutionListener, org.springframework.test.context.support.DirtiesContextTestExecutionListener, org.springframework.test.context.transaction.TransactionalTestExecutionListener, org.springframework.test.context.jdbc.SqlScriptsTestExecutionListener]
541  [Test worker] INFO  o.s.b.t.c.SpringBootTestContextBootstrapper - Using TestExecutionListeners: [org.springframework.test.context.web.ServletTestExecutionListener@74bcd9e4, org.springframework.test.context.support.DirtiesContextBeforeModesTestExecutionListener@6928b74, org.springframework.boot.test.autoconfigure.SpringBootDependencyInjectionTestExecutionListener@4a1c5693, org.springframework.test.context.support.DirtiesContextTestExecutionListener@148eb5ad, org.springframework.test.context.transaction.TransactionalTestExecutionListener@66f3d21, org.springframework.test.context.jdbc.SqlScriptsTestExecutionListener@14b4cfb3, org.springframework.boot.test.autoconfigure.web.servlet.MockMvcPrintOnlyOnFailureTestExecutionListener@3c34bb78, org.springframework.boot.test.autoconfigure.restdocs.RestDocsTestExecutionListener@5d76528e, org.springframework.boot.test.autoconfigure.web.servlet.WebDriverTestExecutionListener@220ffa34, org.springframework.boot.test.mock.mockito.ResetMocksTestExecutionListener@10f46091, org.springframework.boot.test.autoconfigure.web.client.MockRestServiceServerResetTestExecutionListener@902f68c, org.springframework.boot.test.mock.mockito.MockitoTestExecutionListener@668f3700]
]]></system-out>
  <system-err><![CDATA[]]></system-err>
</testsuite>
