<?xml version="1.0" encoding="UTF-8"?>
<testsuite name="com.cappuccino.test.integration.PasswordResetTokenServiceIntegrationTest" tests="0" skipped="0" failures="0" errors="0" timestamp="1970-01-01T00:00:00" hostname="marketplay-lm" time="0.0">
  <properties/>
  <system-out><![CDATA[415  [Test worker] INFO  o.s.b.t.c.SpringBootTestContextBootstrapper - Neither @ContextConfiguration nor @ContextHierarchy found for test class [com.cappuccino.test.integration.PasswordResetTokenServiceIntegrationTest], using SpringBootContextLoader
418  [Test worker] INFO  o.s.t.c.s.AbstractContextLoader - Could not detect default resource locations for test class [com.cappuccino.test.integration.PasswordResetTokenServiceIntegrationTest]: no resource found for suffixes {-context.xml, Context.groovy}.
418  [Test worker] INFO  o.s.t.c.s.AnnotationConfigContextLoaderUtils - Could not detect default configuration classes for test class [com.cappuccino.test.integration.PasswordResetTokenServiceIntegrationTest]: PasswordResetTokenServiceIntegrationTest does not declare any static, non-private, non-final, nested classes annotated with @Configuration.
425  [Test worker] INFO  o.s.b.t.c.SpringBootTestContextBootstrapper - Found @SpringBootConfiguration com.cappuccino.CappuccinoApplication for test class com.cappuccino.test.integration.PasswordResetTokenServiceIntegrationTest
429  [Test worker] INFO  o.s.b.t.c.SpringBootTestContextBootstrapper - Loaded default TestExecutionListener class names from location [META-INF/spring.factories]: [org.springframework.boot.test.mock.mockito.MockitoTestExecutionListener, org.springframework.boot.test.mock.mockito.ResetMocksTestExecutionListener, org.springframework.boot.test.autoconfigure.restdocs.RestDocsTestExecutionListener, org.springframework.boot.test.autoconfigure.web.client.MockRestServiceServerResetTestExecutionListener, org.springframework.boot.test.autoconfigure.web.servlet.MockMvcPrintOnlyOnFailureTestExecutionListener, org.springframework.boot.test.autoconfigure.web.servlet.WebDriverTestExecutionListener, org.springframework.test.context.web.ServletTestExecutionListener, org.springframework.test.context.support.DirtiesContextBeforeModesTestExecutionListener, org.springframework.test.context.support.DependencyInjectionTestExecutionListener, org.springframework.test.context.support.DirtiesContextTestExecutionListener, org.springframework.test.context.transaction.TransactionalTestExecutionListener, org.springframework.test.context.jdbc.SqlScriptsTestExecutionListener]
432  [Test worker] INFO  o.s.b.t.c.SpringBootTestContextBootstrapper - Using TestExecutionListeners: [org.springframework.test.context.web.ServletTestExecutionListener@564f0a5d, org.springframework.test.context.support.DirtiesContextBeforeModesTestExecutionListener@2b48695d, org.springframework.boot.test.autoconfigure.SpringBootDependencyInjectionTestExecutionListener@60b79552, org.springframework.test.context.support.DirtiesContextTestExecutionListener@48357017, org.springframework.test.context.transaction.TransactionalTestExecutionListener@660686ae, org.springframework.test.context.jdbc.SqlScriptsTestExecutionListener@eec09b2, org.springframework.boot.test.mock.mockito.ResetMocksTestExecutionListener@522d0038, org.springframework.boot.test.autoconfigure.restdocs.RestDocsTestExecutionListener@317b77a2, org.springframework.boot.test.autoconfigure.web.servlet.MockMvcPrintOnlyOnFailureTestExecutionListener@631aa4d5, org.springframework.boot.test.mock.mockito.MockitoTestExecutionListener@d55809d, org.springframework.boot.test.autoconfigure.web.client.MockRestServiceServerResetTestExecutionListener@37436dcf, org.springframework.boot.test.autoconfigure.web.servlet.WebDriverTestExecutionListener@5defcae2]
]]></system-out>
  <system-err><![CDATA[]]></system-err>
</testsuite>
