<?xml version="1.0" encoding="UTF-8"?>
<testsuite name="com.cappuccino.test.integration.UserRepositoryIntegrationTest" tests="0" skipped="0" failures="0" errors="0" timestamp="1970-01-01T00:00:00" hostname="marketplay-lm" time="0.0">
  <properties/>
  <system-out><![CDATA[11941 [Test worker] INFO  o.s.b.t.c.SpringBootTestContextBootstrapper - Neither @ContextConfiguration nor @ContextHierarchy found for test class [com.cappuccino.test.integration.UserRepositoryIntegrationTest], using SpringBootContextLoader
11942 [Test worker] INFO  o.s.t.c.s.AbstractContextLoader - Could not detect default resource locations for test class [com.cappuccino.test.integration.UserRepositoryIntegrationTest]: no resource found for suffixes {-context.xml, Context.groovy}.
11942 [Test worker] INFO  o.s.t.c.s.AnnotationConfigContextLoaderUtils - Could not detect default configuration classes for test class [com.cappuccino.test.integration.UserRepositoryIntegrationTest]: UserRepositoryIntegrationTest does not declare any static, non-private, non-final, nested classes annotated with @Configuration.
11947 [Test worker] INFO  o.s.b.t.c.SpringBootTestContextBootstrapper - Found @SpringBootConfiguration com.cappuccino.CappuccinoApplication for test class com.cappuccino.test.integration.UserRepositoryIntegrationTest
11950 [Test worker] INFO  o.s.b.t.c.SpringBootTestContextBootstrapper - Loaded default TestExecutionListener class names from location [META-INF/spring.factories]: [org.springframework.boot.test.mock.mockito.MockitoTestExecutionListener, org.springframework.boot.test.mock.mockito.ResetMocksTestExecutionListener, org.springframework.boot.test.autoconfigure.restdocs.RestDocsTestExecutionListener, org.springframework.boot.test.autoconfigure.web.client.MockRestServiceServerResetTestExecutionListener, org.springframework.boot.test.autoconfigure.web.servlet.MockMvcPrintOnlyOnFailureTestExecutionListener, org.springframework.boot.test.autoconfigure.web.servlet.WebDriverTestExecutionListener, org.springframework.test.context.web.ServletTestExecutionListener, org.springframework.test.context.support.DirtiesContextBeforeModesTestExecutionListener, org.springframework.test.context.support.DependencyInjectionTestExecutionListener, org.springframework.test.context.support.DirtiesContextTestExecutionListener, org.springframework.test.context.transaction.TransactionalTestExecutionListener, org.springframework.test.context.jdbc.SqlScriptsTestExecutionListener]
11952 [Test worker] INFO  o.s.b.t.c.SpringBootTestContextBootstrapper - Using TestExecutionListeners: [org.springframework.test.context.web.ServletTestExecutionListener@5fecb05c, org.springframework.test.context.support.DirtiesContextBeforeModesTestExecutionListener@14c3ec6c, org.springframework.boot.test.autoconfigure.SpringBootDependencyInjectionTestExecutionListener@5014ec10, org.springframework.test.context.support.DirtiesContextTestExecutionListener@6fbda633, org.springframework.test.context.transaction.TransactionalTestExecutionListener@55e995c8, org.springframework.test.context.jdbc.SqlScriptsTestExecutionListener@5ec2b395, org.springframework.boot.test.mock.mockito.ResetMocksTestExecutionListener@2941b031, org.springframework.boot.test.autoconfigure.restdocs.RestDocsTestExecutionListener@2b4f0714, org.springframework.boot.test.autoconfigure.web.servlet.MockMvcPrintOnlyOnFailureTestExecutionListener@32118060, org.springframework.boot.test.mock.mockito.MockitoTestExecutionListener@7984d3ac, org.springframework.boot.test.autoconfigure.web.client.MockRestServiceServerResetTestExecutionListener@5d602495, org.springframework.boot.test.autoconfigure.web.servlet.WebDriverTestExecutionListener@ec4ff8a]
]]></system-out>
  <system-err><![CDATA[]]></system-err>
</testsuite>
