<?xml version="1.0" encoding="UTF-8"?>
<testsuite name="com.cappuccino.test.integration.UserRepositoryIntegrationTest" tests="0" skipped="0" failures="0" errors="0" timestamp="1970-01-01T00:00:00" hostname="marketplay-lm" time="0.0">
  <properties/>
  <system-out><![CDATA[419  [Test worker] INFO  o.s.b.t.c.SpringBootTestContextBootstrapper - Neither @ContextConfiguration nor @ContextHierarchy found for test class [com.cappuccino.test.integration.UserRepositoryIntegrationTest], using SpringBootContextLoader
420  [Test worker] INFO  o.s.t.c.s.AbstractContextLoader - Could not detect default resource locations for test class [com.cappuccino.test.integration.UserRepositoryIntegrationTest]: no resource found for suffixes {-context.xml, Context.groovy}.
420  [Test worker] INFO  o.s.t.c.s.AnnotationConfigContextLoaderUtils - Could not detect default configuration classes for test class [com.cappuccino.test.integration.UserRepositoryIntegrationTest]: UserRepositoryIntegrationTest does not declare any static, non-private, non-final, nested classes annotated with @Configuration.
423  [Test worker] INFO  o.s.b.t.c.SpringBootTestContextBootstrapper - Found @SpringBootConfiguration com.cappuccino.CappuccinoApplication for test class com.cappuccino.test.integration.UserRepositoryIntegrationTest
426  [Test worker] INFO  o.s.b.t.c.SpringBootTestContextBootstrapper - Loaded default TestExecutionListener class names from location [META-INF/spring.factories]: [org.springframework.boot.test.mock.mockito.MockitoTestExecutionListener, org.springframework.boot.test.mock.mockito.ResetMocksTestExecutionListener, org.springframework.boot.test.autoconfigure.restdocs.RestDocsTestExecutionListener, org.springframework.boot.test.autoconfigure.web.client.MockRestServiceServerResetTestExecutionListener, org.springframework.boot.test.autoconfigure.web.servlet.MockMvcPrintOnlyOnFailureTestExecutionListener, org.springframework.boot.test.autoconfigure.web.servlet.WebDriverTestExecutionListener, org.springframework.test.context.web.ServletTestExecutionListener, org.springframework.test.context.support.DirtiesContextBeforeModesTestExecutionListener, org.springframework.test.context.support.DependencyInjectionTestExecutionListener, org.springframework.test.context.support.DirtiesContextTestExecutionListener, org.springframework.test.context.transaction.TransactionalTestExecutionListener, org.springframework.test.context.jdbc.SqlScriptsTestExecutionListener]
430  [Test worker] INFO  o.s.b.t.c.SpringBootTestContextBootstrapper - Using TestExecutionListeners: [org.springframework.test.context.web.ServletTestExecutionListener@33ca4bf7, org.springframework.test.context.support.DirtiesContextBeforeModesTestExecutionListener@47f2aefb, org.springframework.boot.test.autoconfigure.SpringBootDependencyInjectionTestExecutionListener@96669, org.springframework.test.context.support.DirtiesContextTestExecutionListener@6cf22eb3, org.springframework.test.context.transaction.TransactionalTestExecutionListener@d065529, org.springframework.test.context.jdbc.SqlScriptsTestExecutionListener@5fd1b704, org.springframework.boot.test.mock.mockito.MockitoTestExecutionListener@14a0b8b9, org.springframework.boot.test.autoconfigure.web.servlet.MockMvcPrintOnlyOnFailureTestExecutionListener@695a9b28, org.springframework.boot.test.autoconfigure.restdocs.RestDocsTestExecutionListener@564a3437, org.springframework.boot.test.autoconfigure.web.client.MockRestServiceServerResetTestExecutionListener@471c06d, org.springframework.boot.test.autoconfigure.web.servlet.WebDriverTestExecutionListener@1585d52a, org.springframework.boot.test.mock.mockito.ResetMocksTestExecutionListener@283b9f69]
]]></system-out>
  <system-err><![CDATA[]]></system-err>
</testsuite>
