<?xml version="1.0" encoding="UTF-8"?>
<testsuite name="com.cappuccino.test.integration.PasswordResetTokenIntegrationTest" tests="0" skipped="0" failures="0" errors="0" timestamp="1970-01-01T00:00:00" hostname="marketplay-lm" time="0.0">
  <properties/>
  <system-out><![CDATA[346  [Test worker] INFO  o.s.b.t.c.SpringBootTestContextBootstrapper - Neither @ContextConfiguration nor @ContextHierarchy found for test class [com.cappuccino.test.integration.PasswordResetTokenIntegrationTest], using SpringBootContextLoader
346  [Test worker] INFO  o.s.t.c.s.AbstractContextLoader - Could not detect default resource locations for test class [com.cappuccino.test.integration.PasswordResetTokenIntegrationTest]: no resource found for suffixes {-context.xml, Context.groovy}.
346  [Test worker] INFO  o.s.t.c.s.AnnotationConfigContextLoaderUtils - Could not detect default configuration classes for test class [com.cappuccino.test.integration.PasswordResetTokenIntegrationTest]: PasswordResetTokenIntegrationTest does not declare any static, non-private, non-final, nested classes annotated with @Configuration.
360  [Test worker] INFO  o.s.b.t.c.SpringBootTestContextBootstrapper - Found @SpringBootConfiguration com.cappuccino.CappuccinoApplication for test class com.cappuccino.test.integration.PasswordResetTokenIntegrationTest
363  [Test worker] INFO  o.s.b.t.c.SpringBootTestContextBootstrapper - Loaded default TestExecutionListener class names from location [META-INF/spring.factories]: [org.springframework.boot.test.mock.mockito.MockitoTestExecutionListener, org.springframework.boot.test.mock.mockito.ResetMocksTestExecutionListener, org.springframework.boot.test.autoconfigure.restdocs.RestDocsTestExecutionListener, org.springframework.boot.test.autoconfigure.web.client.MockRestServiceServerResetTestExecutionListener, org.springframework.boot.test.autoconfigure.web.servlet.MockMvcPrintOnlyOnFailureTestExecutionListener, org.springframework.boot.test.autoconfigure.web.servlet.WebDriverTestExecutionListener, org.springframework.test.context.web.ServletTestExecutionListener, org.springframework.test.context.support.DirtiesContextBeforeModesTestExecutionListener, org.springframework.test.context.support.DependencyInjectionTestExecutionListener, org.springframework.test.context.support.DirtiesContextTestExecutionListener, org.springframework.test.context.transaction.TransactionalTestExecutionListener, org.springframework.test.context.jdbc.SqlScriptsTestExecutionListener]
365  [Test worker] INFO  o.s.b.t.c.SpringBootTestContextBootstrapper - Using TestExecutionListeners: [org.springframework.test.context.web.ServletTestExecutionListener@3351c048, org.springframework.test.context.support.DirtiesContextBeforeModesTestExecutionListener@4d7f2c3f, org.springframework.boot.test.autoconfigure.SpringBootDependencyInjectionTestExecutionListener@5cc2d308, org.springframework.test.context.support.DirtiesContextTestExecutionListener@b37971b, org.springframework.test.context.transaction.TransactionalTestExecutionListener@36d955b5, org.springframework.test.context.jdbc.SqlScriptsTestExecutionListener@2f39985, org.springframework.boot.test.autoconfigure.web.client.MockRestServiceServerResetTestExecutionListener@48e35040, org.springframework.boot.test.autoconfigure.web.servlet.MockMvcPrintOnlyOnFailureTestExecutionListener@7f5b9908, org.springframework.boot.test.autoconfigure.restdocs.RestDocsTestExecutionListener@3d31fab, org.springframework.boot.test.mock.mockito.MockitoTestExecutionListener@1d7281e5, org.springframework.boot.test.autoconfigure.web.servlet.WebDriverTestExecutionListener@4f41b35b, org.springframework.boot.test.mock.mockito.ResetMocksTestExecutionListener@6c71f062]
]]></system-out>
  <system-err><![CDATA[]]></system-err>
</testsuite>
