<?xml version="1.0" encoding="UTF-8"?>
<testsuite name="com.cappuccino.test.integration.PasswordResetTokenIntegrationTest" tests="0" skipped="0" failures="0" errors="0" timestamp="1970-01-01T00:00:00" hostname="marketplay-lm" time="0.0">
  <properties/>
  <system-out><![CDATA[374  [Test worker] INFO  o.s.b.t.c.SpringBootTestContextBootstrapper - Neither @ContextConfiguration nor @ContextHierarchy found for test class [com.cappuccino.test.integration.PasswordResetTokenIntegrationTest], using SpringBootContextLoader
375  [Test worker] INFO  o.s.t.c.s.AbstractContextLoader - Could not detect default resource locations for test class [com.cappuccino.test.integration.PasswordResetTokenIntegrationTest]: no resource found for suffixes {-context.xml, Context.groovy}.
375  [Test worker] INFO  o.s.t.c.s.AnnotationConfigContextLoaderUtils - Could not detect default configuration classes for test class [com.cappuccino.test.integration.PasswordResetTokenIntegrationTest]: PasswordResetTokenIntegrationTest does not declare any static, non-private, non-final, nested classes annotated with @Configuration.
398  [Test worker] INFO  o.s.b.t.c.SpringBootTestContextBootstrapper - Found @SpringBootConfiguration com.cappuccino.CappuccinoApplication for test class com.cappuccino.test.integration.PasswordResetTokenIntegrationTest
404  [Test worker] INFO  o.s.b.t.c.SpringBootTestContextBootstrapper - Loaded default TestExecutionListener class names from location [META-INF/spring.factories]: [org.springframework.boot.test.mock.mockito.MockitoTestExecutionListener, org.springframework.boot.test.mock.mockito.ResetMocksTestExecutionListener, org.springframework.boot.test.autoconfigure.restdocs.RestDocsTestExecutionListener, org.springframework.boot.test.autoconfigure.web.client.MockRestServiceServerResetTestExecutionListener, org.springframework.boot.test.autoconfigure.web.servlet.MockMvcPrintOnlyOnFailureTestExecutionListener, org.springframework.boot.test.autoconfigure.web.servlet.WebDriverTestExecutionListener, org.springframework.test.context.web.ServletTestExecutionListener, org.springframework.test.context.support.DirtiesContextBeforeModesTestExecutionListener, org.springframework.test.context.support.DependencyInjectionTestExecutionListener, org.springframework.test.context.support.DirtiesContextTestExecutionListener, org.springframework.test.context.transaction.TransactionalTestExecutionListener, org.springframework.test.context.jdbc.SqlScriptsTestExecutionListener]
407  [Test worker] INFO  o.s.b.t.c.SpringBootTestContextBootstrapper - Using TestExecutionListeners: [org.springframework.test.context.web.ServletTestExecutionListener@6f6675d8, org.springframework.test.context.support.DirtiesContextBeforeModesTestExecutionListener@2a3eb814, org.springframework.boot.test.autoconfigure.SpringBootDependencyInjectionTestExecutionListener@1e22bcb2, org.springframework.test.context.support.DirtiesContextTestExecutionListener@2001f59c, org.springframework.test.context.transaction.TransactionalTestExecutionListener@7c958cf1, org.springframework.test.context.jdbc.SqlScriptsTestExecutionListener@2334656f, org.springframework.boot.test.mock.mockito.ResetMocksTestExecutionListener@28788a97, org.springframework.boot.test.autoconfigure.restdocs.RestDocsTestExecutionListener@7fa2711, org.springframework.boot.test.autoconfigure.web.servlet.MockMvcPrintOnlyOnFailureTestExecutionListener@57d8c11b, org.springframework.boot.test.mock.mockito.MockitoTestExecutionListener@5747c992, org.springframework.boot.test.autoconfigure.web.client.MockRestServiceServerResetTestExecutionListener@3b07cddf, org.springframework.boot.test.autoconfigure.web.servlet.WebDriverTestExecutionListener@6d93b701]
]]></system-out>
  <system-err><![CDATA[]]></system-err>
</testsuite>
