<?xml version="1.0" encoding="UTF-8"?>
<testsuite name="com.cappuccino.test.integration.UserServiceIntegrationTest" tests="0" skipped="0" failures="0" errors="0" timestamp="1970-01-01T00:00:00" hostname="marketplay-lm" time="0.0">
  <properties/>
  <system-out><![CDATA[10917 [Test worker] INFO  o.s.b.t.c.SpringBootTestContextBootstrapper - Neither @ContextConfiguration nor @ContextHierarchy found for test class [com.cappuccino.test.integration.UserServiceIntegrationTest], using SpringBootContextLoader
10918 [Test worker] INFO  o.s.t.c.s.AbstractContextLoader - Could not detect default resource locations for test class [com.cappuccino.test.integration.UserServiceIntegrationTest]: no resource found for suffixes {-context.xml, Context.groovy}.
10918 [Test worker] INFO  o.s.t.c.s.AnnotationConfigContextLoaderUtils - Could not detect default configuration classes for test class [com.cappuccino.test.integration.UserServiceIntegrationTest]: UserServiceIntegrationTest does not declare any static, non-private, non-final, nested classes annotated with @Configuration.
10920 [Test worker] INFO  o.s.b.t.c.SpringBootTestContextBootstrapper - Found @SpringBootConfiguration com.cappuccino.CappuccinoApplication for test class com.cappuccino.test.integration.UserServiceIntegrationTest
10923 [Test worker] INFO  o.s.b.t.c.SpringBootTestContextBootstrapper - Loaded default TestExecutionListener class names from location [META-INF/spring.factories]: [org.springframework.boot.test.mock.mockito.MockitoTestExecutionListener, org.springframework.boot.test.mock.mockito.ResetMocksTestExecutionListener, org.springframework.boot.test.autoconfigure.restdocs.RestDocsTestExecutionListener, org.springframework.boot.test.autoconfigure.web.client.MockRestServiceServerResetTestExecutionListener, org.springframework.boot.test.autoconfigure.web.servlet.MockMvcPrintOnlyOnFailureTestExecutionListener, org.springframework.boot.test.autoconfigure.web.servlet.WebDriverTestExecutionListener, org.springframework.test.context.web.ServletTestExecutionListener, org.springframework.test.context.support.DirtiesContextBeforeModesTestExecutionListener, org.springframework.test.context.support.DependencyInjectionTestExecutionListener, org.springframework.test.context.support.DirtiesContextTestExecutionListener, org.springframework.test.context.transaction.TransactionalTestExecutionListener, org.springframework.test.context.jdbc.SqlScriptsTestExecutionListener]
10925 [Test worker] INFO  o.s.b.t.c.SpringBootTestContextBootstrapper - Using TestExecutionListeners: [org.springframework.test.context.web.ServletTestExecutionListener@648e179e, org.springframework.test.context.support.DirtiesContextBeforeModesTestExecutionListener@2452eab3, org.springframework.boot.test.autoconfigure.SpringBootDependencyInjectionTestExecutionListener@612f5ccd, org.springframework.test.context.support.DirtiesContextTestExecutionListener@1d3bc7b2, org.springframework.test.context.transaction.TransactionalTestExecutionListener@99d116c, org.springframework.test.context.jdbc.SqlScriptsTestExecutionListener@3a29759e, org.springframework.boot.test.mock.mockito.MockitoTestExecutionListener@21fb8f22, org.springframework.boot.test.autoconfigure.web.servlet.MockMvcPrintOnlyOnFailureTestExecutionListener@623edaf8, org.springframework.boot.test.autoconfigure.restdocs.RestDocsTestExecutionListener@349a1a2, org.springframework.boot.test.autoconfigure.web.client.MockRestServiceServerResetTestExecutionListener@72bdb1d0, org.springframework.boot.test.autoconfigure.web.servlet.WebDriverTestExecutionListener@fc2b23a, org.springframework.boot.test.mock.mockito.ResetMocksTestExecutionListener@1b3f4020]
]]></system-out>
  <system-err><![CDATA[]]></system-err>
</testsuite>
