<?xml version="1.0" encoding="UTF-8"?>
<testsuite name="com.cappuccino.test.integration.PasswordResetTokenIntegrationTest" tests="0" skipped="0" failures="0" errors="0" timestamp="1970-01-01T00:00:00" hostname="marketplay-lm" time="0.0">
  <properties/>
  <system-out><![CDATA[406  [Test worker] INFO  o.s.b.t.c.SpringBootTestContextBootstrapper - Neither @ContextConfiguration nor @ContextHierarchy found for test class [com.cappuccino.test.integration.PasswordResetTokenIntegrationTest], using SpringBootContextLoader
407  [Test worker] INFO  o.s.t.c.s.AbstractContextLoader - Could not detect default resource locations for test class [com.cappuccino.test.integration.PasswordResetTokenIntegrationTest]: no resource found for suffixes {-context.xml, Context.groovy}.
407  [Test worker] INFO  o.s.t.c.s.AnnotationConfigContextLoaderUtils - Could not detect default configuration classes for test class [com.cappuccino.test.integration.PasswordResetTokenIntegrationTest]: PasswordResetTokenIntegrationTest does not declare any static, non-private, non-final, nested classes annotated with @Configuration.
430  [Test worker] INFO  o.s.b.t.c.SpringBootTestContextBootstrapper - Found @SpringBootConfiguration com.cappuccino.CappuccinoApplication for test class com.cappuccino.test.integration.PasswordResetTokenIntegrationTest
438  [Test worker] INFO  o.s.b.t.c.SpringBootTestContextBootstrapper - Loaded default TestExecutionListener class names from location [META-INF/spring.factories]: [org.springframework.boot.test.mock.mockito.MockitoTestExecutionListener, org.springframework.boot.test.mock.mockito.ResetMocksTestExecutionListener, org.springframework.boot.test.autoconfigure.restdocs.RestDocsTestExecutionListener, org.springframework.boot.test.autoconfigure.web.client.MockRestServiceServerResetTestExecutionListener, org.springframework.boot.test.autoconfigure.web.servlet.MockMvcPrintOnlyOnFailureTestExecutionListener, org.springframework.boot.test.autoconfigure.web.servlet.WebDriverTestExecutionListener, org.springframework.test.context.web.ServletTestExecutionListener, org.springframework.test.context.support.DirtiesContextBeforeModesTestExecutionListener, org.springframework.test.context.support.DependencyInjectionTestExecutionListener, org.springframework.test.context.support.DirtiesContextTestExecutionListener, org.springframework.test.context.transaction.TransactionalTestExecutionListener, org.springframework.test.context.jdbc.SqlScriptsTestExecutionListener]
442  [Test worker] INFO  o.s.b.t.c.SpringBootTestContextBootstrapper - Using TestExecutionListeners: [org.springframework.test.context.web.ServletTestExecutionListener@247145b1, org.springframework.test.context.support.DirtiesContextBeforeModesTestExecutionListener@10dbcd9e, org.springframework.boot.test.autoconfigure.SpringBootDependencyInjectionTestExecutionListener@c1798fc, org.springframework.test.context.support.DirtiesContextTestExecutionListener@2c6c86c5, org.springframework.test.context.transaction.TransactionalTestExecutionListener@29e0234, org.springframework.test.context.jdbc.SqlScriptsTestExecutionListener@4c6788c4, org.springframework.boot.test.autoconfigure.web.servlet.MockMvcPrintOnlyOnFailureTestExecutionListener@7c0729cc, org.springframework.boot.test.autoconfigure.restdocs.RestDocsTestExecutionListener@3495c227, org.springframework.boot.test.autoconfigure.web.servlet.WebDriverTestExecutionListener@46e8e923, org.springframework.boot.test.mock.mockito.ResetMocksTestExecutionListener@36b97892, org.springframework.boot.test.autoconfigure.web.client.MockRestServiceServerResetTestExecutionListener@73356ec0, org.springframework.boot.test.mock.mockito.MockitoTestExecutionListener@692b1e7b]
]]></system-out>
  <system-err><![CDATA[]]></system-err>
</testsuite>
