<?xml version="1.0" encoding="UTF-8"?>
<testsuite name="com.cappuccino.test.integration.UserServiceIntegrationTest" tests="1" skipped="0" failures="0" errors="0" timestamp="2017-01-17T10:42:02" hostname="marketplay-lm" time="0.413">
  <properties/>
  <testcase name="testCreateUser" classname="com.cappuccino.test.integration.UserServiceIntegrationTest" time="0.413"/>
  <system-out><![CDATA[6123 [Test worker] INFO  o.s.b.t.c.SpringBootTestContextBootstrapper - Neither @ContextConfiguration nor @ContextHierarchy found for test class [com.cappuccino.test.integration.UserServiceIntegrationTest], using SpringBootContextLoader
6125 [Test worker] INFO  o.s.t.c.s.AbstractContextLoader - Could not detect default resource locations for test class [com.cappuccino.test.integration.UserServiceIntegrationTest]: no resource found for suffixes {-context.xml, Context.groovy}.
6125 [Test worker] INFO  o.s.t.c.s.AnnotationConfigContextLoaderUtils - Could not detect default configuration classes for test class [com.cappuccino.test.integration.UserServiceIntegrationTest]: UserServiceIntegrationTest does not declare any static, non-private, non-final, nested classes annotated with @Configuration.
6132 [Test worker] INFO  o.s.b.t.c.SpringBootTestContextBootstrapper - Found @SpringBootConfiguration com.cappuccino.CappuccinoApplication for test class com.cappuccino.test.integration.UserServiceIntegrationTest
6135 [Test worker] INFO  o.s.b.t.c.SpringBootTestContextBootstrapper - Loaded default TestExecutionListener class names from location [META-INF/spring.factories]: [org.springframework.boot.test.mock.mockito.MockitoTestExecutionListener, org.springframework.boot.test.mock.mockito.ResetMocksTestExecutionListener, org.springframework.boot.test.autoconfigure.restdocs.RestDocsTestExecutionListener, org.springframework.boot.test.autoconfigure.web.client.MockRestServiceServerResetTestExecutionListener, org.springframework.boot.test.autoconfigure.web.servlet.MockMvcPrintOnlyOnFailureTestExecutionListener, org.springframework.boot.test.autoconfigure.web.servlet.WebDriverTestExecutionListener, org.springframework.test.context.web.ServletTestExecutionListener, org.springframework.test.context.support.DirtiesContextBeforeModesTestExecutionListener, org.springframework.test.context.support.DependencyInjectionTestExecutionListener, org.springframework.test.context.support.DirtiesContextTestExecutionListener, org.springframework.test.context.transaction.TransactionalTestExecutionListener, org.springframework.test.context.jdbc.SqlScriptsTestExecutionListener]
6139 [Test worker] INFO  o.s.b.t.c.SpringBootTestContextBootstrapper - Using TestExecutionListeners: [org.springframework.test.context.web.ServletTestExecutionListener@653faa55, org.springframework.test.context.support.DirtiesContextBeforeModesTestExecutionListener@76f0120b, org.springframework.boot.test.autoconfigure.SpringBootDependencyInjectionTestExecutionListener@788a36a0, org.springframework.test.context.support.DirtiesContextTestExecutionListener@baba033, org.springframework.test.context.transaction.TransactionalTestExecutionListener@13dece11, org.springframework.test.context.jdbc.SqlScriptsTestExecutionListener@65c8e62b, org.springframework.boot.test.mock.mockito.MockitoTestExecutionListener@4c5ee304, org.springframework.boot.test.autoconfigure.web.servlet.MockMvcPrintOnlyOnFailureTestExecutionListener@1aa26884, org.springframework.boot.test.mock.mockito.ResetMocksTestExecutionListener@7fe99387, org.springframework.boot.test.autoconfigure.web.client.MockRestServiceServerResetTestExecutionListener@5d32dbef, org.springframework.boot.test.autoconfigure.web.servlet.WebDriverTestExecutionListener@664f558e, org.springframework.boot.test.autoconfigure.restdocs.RestDocsTestExecutionListener@6f20f78b]
Hibernate: 
    select
        count(*) as col_0_0_ 
    from
        plan plan0_ 
    where
        plan0_.id=? 
        and 1=1
Hibernate: 
    select
        role0_.id as id1_1_1_,
        role0_.name as name2_1_1_,
        userroles1_.role_id as role_id2_3_3_,
        userroles1_.id as id1_3_3_,
        userroles1_.id as id1_3_0_,
        userroles1_.role_id as role_id2_3_0_,
        userroles1_.user_id as user_id3_3_0_ 
    from
        role role0_ 
    left outer join
        user_role userroles1_ 
            on role0_.id=userroles1_.role_id 
    where
        role0_.id=?
Hibernate: 
    select
        user0_.id as id1_2_1_,
        user0_.country as country2_2_1_,
        user0_.description as descript3_2_1_,
        user0_.email as email4_2_1_,
        user0_.enabled as enabled5_2_1_,
        user0_.first_name as first_na6_2_1_,
        user0_.last_name as last_nam7_2_1_,
        user0_.password as password8_2_1_,
        user0_.phone_number as phone_nu9_2_1_,
        user0_.plan_id as plan_id13_2_1_,
        user0_.profile_image_url as profile10_2_1_,
        user0_.stripe_customer_id as stripe_11_2_1_,
        user0_.username as usernam12_2_1_,
        userroles1_.user_id as user_id3_3_3_,
        userroles1_.id as id1_3_3_,
        userroles1_.id as id1_3_0_,
        userroles1_.role_id as role_id2_3_0_,
        userroles1_.user_id as user_id3_3_0_ 
    from
        user user0_ 
    left outer join
        user_role userroles1_ 
            on user0_.id=userroles1_.user_id 
    where
        user0_.id=?
Hibernate: 
    select
        plan0_.id as id1_0_0_,
        plan0_.name as name2_0_0_ 
    from
        plan plan0_ 
    where
        plan0_.id=?
Hibernate: 
    select
        plan_.id,
        plan_.name as name2_0_ 
    from
        plan plan_ 
    where
        plan_.id=?
Hibernate: 
    insert 
    into
        user
        (id, country, description, email, enabled, first_name, last_name, password, phone_number, plan_id, profile_image_url, stripe_customer_id, username) 
    values
        (null, ?, ?, ?, ?, ?, ?, ?, ?, ?, ?, ?, ?)
Hibernate: 
    select
        role_.id,
        role_.name as name2_1_ 
    from
        role role_ 
    where
        role_.id=?
Hibernate: 
    insert 
    into
        user_role
        (id, role_id, user_id) 
    values
        (null, ?, ?)
]]></system-out>
  <system-err><![CDATA[]]></system-err>
</testsuite>
