<?xml version="1.0" encoding="UTF-8"?>
<testsuite name="com.cappuccino.test.integration.RepositoryIntegrationTest" tests="4" skipped="0" failures="0" errors="0" timestamp="2017-01-16T15:30:04" hostname="marketplay-lm" time="0.166">
  <properties/>
  <testcase name="createNewUser" classname="com.cappuccino.test.integration.RepositoryIntegrationTest" time="0.087"/>
  <testcase name="testDeleteUser" classname="com.cappuccino.test.integration.RepositoryIntegrationTest" time="0.051"/>
  <testcase name="testCreateNewPlan" classname="com.cappuccino.test.integration.RepositoryIntegrationTest" time="0.009"/>
  <testcase name="testCreateNewRole" classname="com.cappuccino.test.integration.RepositoryIntegrationTest" time="0.015"/>
  <system-out><![CDATA[414  [Test worker] INFO  o.s.b.t.c.SpringBootTestContextBootstrapper - Neither @ContextConfiguration nor @ContextHierarchy found for test class [com.cappuccino.test.integration.RepositoryIntegrationTest], using SpringBootContextLoader
415  [Test worker] INFO  o.s.t.c.s.AbstractContextLoader - Could not detect default resource locations for test class [com.cappuccino.test.integration.RepositoryIntegrationTest]: no resource found for suffixes {-context.xml, Context.groovy}.
416  [Test worker] INFO  o.s.t.c.s.AnnotationConfigContextLoaderUtils - Could not detect default configuration classes for test class [com.cappuccino.test.integration.RepositoryIntegrationTest]: RepositoryIntegrationTest does not declare any static, non-private, non-final, nested classes annotated with @Configuration.
427  [Test worker] INFO  o.s.b.t.c.SpringBootTestContextBootstrapper - Found @SpringBootConfiguration com.cappuccino.CappuccinoApplication for test class com.cappuccino.test.integration.RepositoryIntegrationTest
431  [Test worker] INFO  o.s.b.t.c.SpringBootTestContextBootstrapper - Loaded default TestExecutionListener class names from location [META-INF/spring.factories]: [org.springframework.boot.test.mock.mockito.MockitoTestExecutionListener, org.springframework.boot.test.mock.mockito.ResetMocksTestExecutionListener, org.springframework.boot.test.autoconfigure.restdocs.RestDocsTestExecutionListener, org.springframework.boot.test.autoconfigure.web.client.MockRestServiceServerResetTestExecutionListener, org.springframework.boot.test.autoconfigure.web.servlet.MockMvcPrintOnlyOnFailureTestExecutionListener, org.springframework.boot.test.autoconfigure.web.servlet.WebDriverTestExecutionListener, org.springframework.test.context.web.ServletTestExecutionListener, org.springframework.test.context.support.DirtiesContextBeforeModesTestExecutionListener, org.springframework.test.context.support.DependencyInjectionTestExecutionListener, org.springframework.test.context.support.DirtiesContextTestExecutionListener, org.springframework.test.context.transaction.TransactionalTestExecutionListener, org.springframework.test.context.jdbc.SqlScriptsTestExecutionListener]
433  [Test worker] INFO  o.s.b.t.c.SpringBootTestContextBootstrapper - Using TestExecutionListeners: [org.springframework.test.context.web.ServletTestExecutionListener@10358afa, org.springframework.test.context.support.DirtiesContextBeforeModesTestExecutionListener@51cc0cba, org.springframework.boot.test.autoconfigure.SpringBootDependencyInjectionTestExecutionListener@3db7cc92, org.springframework.test.context.support.DirtiesContextTestExecutionListener@6e808c0c, org.springframework.test.context.transaction.TransactionalTestExecutionListener@525ea97c, org.springframework.test.context.jdbc.SqlScriptsTestExecutionListener@63c6d651, org.springframework.boot.test.autoconfigure.web.client.MockRestServiceServerResetTestExecutionListener@609655e7, org.springframework.boot.test.mock.mockito.MockitoTestExecutionListener@a9c4515, org.springframework.boot.test.autoconfigure.web.servlet.MockMvcPrintOnlyOnFailureTestExecutionListener@2d2e1873, org.springframework.boot.test.mock.mockito.ResetMocksTestExecutionListener@780f27d9, org.springframework.boot.test.autoconfigure.web.servlet.WebDriverTestExecutionListener@2a646c52, org.springframework.boot.test.autoconfigure.restdocs.RestDocsTestExecutionListener@423820e6]

  .   ____          _            __ _ _
 /\\ / ___'_ __ _ _(_)_ __  __ _ \ \ \ \
( ( )\___ | '_ | '_| | '_ \/ _` | \ \ \ \
 \\/  ___)| |_)| | | | | || (_| |  ) ) ) )
  '  |____| .__|_| |_|_| |_\__, | / / / /
 =========|_|==============|___/=/_/_/_/
 :: Spring Boot ::        (v1.4.3.RELEASE)

810  [Test worker] INFO  c.c.t.i.RepositoryIntegrationTest - Starting RepositoryIntegrationTest on marketplay-lm with PID 19308 (started by krime in /Users/krime/Desktop/Traininig/Spring/cappuccino)
810  [Test worker] DEBUG c.c.t.i.RepositoryIntegrationTest - Running with Spring Boot v1.4.3.RELEASE, Spring v4.3.5.RELEASE
811  [Test worker] INFO  c.c.t.i.RepositoryIntegrationTest - The following profiles are active: dev
1056 [Test worker] INFO  o.s.w.c.s.GenericWebApplicationContext - Refreshing org.springframework.web.context.support.GenericWebApplicationContext@27a03923: startup date [Mon Jan 16 15:30:00 GMT 2017]; root of context hierarchy
2212 [Test worker] INFO  o.s.c.s.PostProcessorRegistrationDelegate$BeanPostProcessorChecker - Bean 'org.springframework.transaction.annotation.ProxyTransactionManagementConfiguration' of type [class org.springframework.transaction.annotation.ProxyTransactionManagementConfiguration$$EnhancerBySpringCGLIB$$63ba508f] is not eligible for getting processed by all BeanPostProcessors (for example: not eligible for auto-proxying)
2688 [Test worker] INFO  o.s.o.j.LocalContainerEntityManagerFactoryBean - Building JPA container EntityManagerFactory for persistence unit 'default'
Hibernate: 
    drop table plan if exists
Hibernate: 
    drop table role if exists
Hibernate: 
    drop table user if exists
Hibernate: 
    drop table user_role if exists
Hibernate: 
    create table plan (
        id integer not null,
        name varchar(255),
        primary key (id)
    )
Hibernate: 
    create table role (
        id integer not null,
        name varchar(255),
        primary key (id)
    )
Hibernate: 
    create table user (
        id bigint generated by default as identity,
        country varchar(255),
        description varchar(500),
        email varchar(255),
        enabled boolean not null,
        first_name varchar(255),
        last_name varchar(255),
        password varchar(255),
        phone_number varchar(255),
        profile_image_url varchar(255),
        stripe_customer_id varchar(255),
        username varchar(255),
        plan_id integer,
        primary key (id)
    )
Hibernate: 
    create table user_role (
        id bigint generated by default as identity,
        role_id integer,
        user_id bigint,
        primary key (id)
    )
Hibernate: 
    alter table user 
        add constraint FKeos0c7nc1mvicjcxbkxxolohc 
        foreign key (plan_id) 
        references plan
Hibernate: 
    alter table user_role 
        add constraint FKa68196081fvovjhkek5m97n3y 
        foreign key (role_id) 
        references role
Hibernate: 
    alter table user_role 
        add constraint FK859n2jvi8ivhui0rl0esws6o 
        foreign key (user_id) 
        references user
3509 [Test worker] INFO  o.s.o.j.LocalContainerEntityManagerFactoryBean - Initialized JPA EntityManagerFactory for persistence unit 'default'
4076 [Test worker] DEBUG o.s.s.c.a.a.c.AuthenticationConfiguration$EnableGlobalAuthenticationAutowiredConfigurer - Eagerly initializing {securityConfig=com.cappuccino.config.SecurityConfig$$EnhancerBySpringCGLIB$$18f20e94@377b67ed}
4168 [Test worker] DEBUG o.s.s.w.a.e.ExpressionBasedFilterInvocationSecurityMetadataSource - Adding web access control expression 'permitAll', for ExactUrl [processUrl='/login?error']
4169 [Test worker] DEBUG o.s.s.w.a.e.ExpressionBasedFilterInvocationSecurityMetadataSource - Adding web access control expression 'permitAll', for ExactUrl [processUrl='/login']
4169 [Test worker] DEBUG o.s.s.w.a.e.ExpressionBasedFilterInvocationSecurityMetadataSource - Adding web access control expression 'permitAll', for ExactUrl [processUrl='/login']
4170 [Test worker] DEBUG o.s.s.w.a.e.ExpressionBasedFilterInvocationSecurityMetadataSource - Adding web access control expression 'permitAll', for OrRequestMatcher [requestMatchers=[Ant [pattern='/logout', GET], Ant [pattern='/logout', POST], Ant [pattern='/logout', PUT], Ant [pattern='/logout', DELETE]]]
4170 [Test worker] DEBUG o.s.s.w.a.e.ExpressionBasedFilterInvocationSecurityMetadataSource - Adding web access control expression 'permitAll', for ExactUrl [processUrl='/login?logout']
4170 [Test worker] DEBUG o.s.s.w.a.e.ExpressionBasedFilterInvocationSecurityMetadataSource - Adding web access control expression 'permitAll', for Ant [pattern='/webjars/**']
4170 [Test worker] DEBUG o.s.s.w.a.e.ExpressionBasedFilterInvocationSecurityMetadataSource - Adding web access control expression 'permitAll', for Ant [pattern='/css/**']
4170 [Test worker] DEBUG o.s.s.w.a.e.ExpressionBasedFilterInvocationSecurityMetadataSource - Adding web access control expression 'permitAll', for Ant [pattern='/js/**']
4171 [Test worker] DEBUG o.s.s.w.a.e.ExpressionBasedFilterInvocationSecurityMetadataSource - Adding web access control expression 'permitAll', for Ant [pattern='/images/**']
4171 [Test worker] DEBUG o.s.s.w.a.e.ExpressionBasedFilterInvocationSecurityMetadataSource - Adding web access control expression 'permitAll', for Ant [pattern='/']
4171 [Test worker] DEBUG o.s.s.w.a.e.ExpressionBasedFilterInvocationSecurityMetadataSource - Adding web access control expression 'permitAll', for Ant [pattern='/about/**']
4171 [Test worker] DEBUG o.s.s.w.a.e.ExpressionBasedFilterInvocationSecurityMetadataSource - Adding web access control expression 'permitAll', for Ant [pattern='/contact/**']
4171 [Test worker] DEBUG o.s.s.w.a.e.ExpressionBasedFilterInvocationSecurityMetadataSource - Adding web access control expression 'permitAll', for Ant [pattern='/error/**/*']
4171 [Test worker] DEBUG o.s.s.w.a.e.ExpressionBasedFilterInvocationSecurityMetadataSource - Adding web access control expression 'permitAll', for Ant [pattern='/console/**']
4171 [Test worker] DEBUG o.s.s.w.a.e.ExpressionBasedFilterInvocationSecurityMetadataSource - Adding web access control expression 'authenticated', for org.springframework.security.web.util.matcher.AnyRequestMatcher@1
4180 [Test worker] DEBUG o.s.s.w.a.i.FilterSecurityInterceptor - Validated configuration attributes
4181 [Test worker] DEBUG o.s.s.w.a.i.FilterSecurityInterceptor - Validated configuration attributes
4192 [Test worker] INFO  o.s.s.w.DefaultSecurityFilterChain - Creating filter chain: org.springframework.security.web.util.matcher.AnyRequestMatcher@1, [org.springframework.security.web.context.request.async.WebAsyncManagerIntegrationFilter@5c0674ae, org.springframework.security.web.context.SecurityContextPersistenceFilter@67436d7a, org.springframework.security.web.header.HeaderWriterFilter@a936a82, org.springframework.security.web.authentication.logout.LogoutFilter@4abc585, org.springframework.security.web.authentication.UsernamePasswordAuthenticationFilter@39012c0e, org.springframework.security.web.savedrequest.RequestCacheAwareFilter@4332e7c6, org.springframework.security.web.servletapi.SecurityContextHolderAwareRequestFilter@5b7c7acc, org.springframework.security.web.authentication.AnonymousAuthenticationFilter@27a1881e, org.springframework.security.web.session.SessionManagementFilter@6cba9bf0, org.springframework.security.web.access.ExceptionTranslationFilter@526d2d17, org.springframework.security.web.access.intercept.FilterSecurityInterceptor@43c69d4b]
4423 [Test worker] INFO  o.s.w.s.m.m.a.RequestMappingHandlerAdapter - Looking for @ControllerAdvice: org.springframework.web.context.support.GenericWebApplicationContext@27a03923: startup date [Mon Jan 16 15:30:00 GMT 2017]; root of context hierarchy
4484 [Test worker] INFO  o.s.w.s.m.m.a.RequestMappingHandlerMapping - Mapped "{[/contact],methods=[POST]}" onto public java.lang.String com.cappuccino.web.controllers.ContactController.contactPost(com.cappuccino.web.domain.frontend.FeedbackPojo)
4485 [Test worker] INFO  o.s.w.s.m.m.a.RequestMappingHandlerMapping - Mapped "{[/contact],methods=[GET]}" onto public java.lang.String com.cappuccino.web.controllers.ContactController.contactGet(org.springframework.ui.ModelMap)
4485 [Test worker] INFO  o.s.w.s.m.m.a.RequestMappingHandlerMapping - Mapped "{[/about]}" onto public java.lang.String com.cappuccino.web.controllers.CopyController.about()
4485 [Test worker] INFO  o.s.w.s.m.m.a.RequestMappingHandlerMapping - Mapped "{[/]}" onto public java.lang.String com.cappuccino.web.controllers.IndexController.home()
4486 [Test worker] INFO  o.s.w.s.m.m.a.RequestMappingHandlerMapping - Mapped "{[/login]}" onto public java.lang.String com.cappuccino.web.controllers.LoginController.login()
4486 [Test worker] INFO  o.s.w.s.m.m.a.RequestMappingHandlerMapping - Mapped "{[/payload]}" onto public java.lang.String com.cappuccino.web.controllers.PayloadController.payload()
4489 [Test worker] INFO  o.s.w.s.m.m.a.RequestMappingHandlerMapping - Mapped "{[/error]}" onto public org.springframework.http.ResponseEntity<java.util.Map<java.lang.String, java.lang.Object>> org.springframework.boot.autoconfigure.web.BasicErrorController.error(javax.servlet.http.HttpServletRequest)
4489 [Test worker] INFO  o.s.w.s.m.m.a.RequestMappingHandlerMapping - Mapped "{[/error],produces=[text/html]}" onto public org.springframework.web.servlet.ModelAndView org.springframework.boot.autoconfigure.web.BasicErrorController.errorHtml(javax.servlet.http.HttpServletRequest,javax.servlet.http.HttpServletResponse)
4518 [Test worker] INFO  o.s.w.s.h.SimpleUrlHandlerMapping - Mapped URL path [/webjars/**] onto handler of type [class org.springframework.web.servlet.resource.ResourceHttpRequestHandler]
4518 [Test worker] INFO  o.s.w.s.h.SimpleUrlHandlerMapping - Mapped URL path [/**] onto handler of type [class org.springframework.web.servlet.resource.ResourceHttpRequestHandler]
4550 [Test worker] INFO  o.s.w.s.h.SimpleUrlHandlerMapping - Mapped URL path [/**/favicon.ico] onto handler of type [class org.springframework.web.servlet.resource.ResourceHttpRequestHandler]
5160 [Test worker] DEBUG c.cappuccino.CappuccinoApplication - Creating user with username basicUser
Hibernate: 
    select
        count(*) as col_0_0_ 
    from
        plan plan0_ 
    where
        plan0_.id=? 
        and 1=1
Hibernate: 
    select
        plan0_.id as id1_0_0_,
        plan0_.name as name2_0_0_ 
    from
        plan plan0_ 
    where
        plan0_.id=?
Hibernate: 
    select
        role0_.id as id1_1_1_,
        role0_.name as name2_1_1_,
        userroles1_.role_id as role_id2_3_3_,
        userroles1_.id as id1_3_3_,
        userroles1_.id as id1_3_0_,
        userroles1_.role_id as role_id2_3_0_,
        userroles1_.user_id as user_id3_3_0_ 
    from
        role role0_ 
    left outer join
        user_role userroles1_ 
            on role0_.id=userroles1_.role_id 
    where
        role0_.id=?
Hibernate: 
    insert 
    into
        plan
        (name, id) 
    values
        (?, ?)
Hibernate: 
    insert 
    into
        role
        (name, id) 
    values
        (?, ?)
Hibernate: 
    insert 
    into
        user
        (id, country, description, email, enabled, first_name, last_name, password, phone_number, plan_id, profile_image_url, stripe_customer_id, username) 
    values
        (null, ?, ?, ?, ?, ?, ?, ?, ?, ?, ?, ?, ?)
Hibernate: 
    select
        role_.id,
        role_.name as name2_1_ 
    from
        role role_ 
    where
        role_.id=?
Hibernate: 
    insert 
    into
        user_role
        (id, role_id, user_id) 
    values
        (null, ?, ?)
5507 [Test worker] INFO  c.cappuccino.CappuccinoApplication - User basicUser created
5510 [Test worker] INFO  c.c.t.i.RepositoryIntegrationTest - Started RepositoryIntegrationTest in 5.007 seconds (JVM running for 6.097)
Hibernate: 
    select
        plan0_.id as id1_0_0_,
        plan0_.name as name2_0_0_ 
    from
        plan plan0_ 
    where
        plan0_.id=?
Hibernate: 
    insert 
    into
        plan
        (name, id) 
    values
        (?, ?)
Hibernate: 
    select
        role0_.id as id1_1_1_,
        role0_.name as name2_1_1_,
        userroles1_.role_id as role_id2_3_3_,
        userroles1_.id as id1_3_3_,
        userroles1_.id as id1_3_0_,
        userroles1_.role_id as role_id2_3_0_,
        userroles1_.user_id as user_id3_3_0_ 
    from
        role role0_ 
    left outer join
        user_role userroles1_ 
            on role0_.id=userroles1_.role_id 
    where
        role0_.id=?
Hibernate: 
    insert 
    into
        role
        (name, id) 
    values
        (?, ?)
Hibernate: 
    select
        plan_.id,
        plan_.name as name2_0_ 
    from
        plan plan_ 
    where
        plan_.id=?
Hibernate: 
    insert 
    into
        user
        (id, country, description, email, enabled, first_name, last_name, password, phone_number, plan_id, profile_image_url, stripe_customer_id, username) 
    values
        (null, ?, ?, ?, ?, ?, ?, ?, ?, ?, ?, ?, ?)
Hibernate: 
    select
        role_.id,
        role_.name as name2_1_ 
    from
        role role_ 
    where
        role_.id=?
Hibernate: 
    insert 
    into
        user_role
        (id, role_id, user_id) 
    values
        (null, ?, ?)
Hibernate: 
    select
        user0_.id as id1_2_0_,
        user0_.country as country2_2_0_,
        user0_.description as descript3_2_0_,
        user0_.email as email4_2_0_,
        user0_.enabled as enabled5_2_0_,
        user0_.first_name as first_na6_2_0_,
        user0_.last_name as last_nam7_2_0_,
        user0_.password as password8_2_0_,
        user0_.phone_number as phone_nu9_2_0_,
        user0_.plan_id as plan_id13_2_0_,
        user0_.profile_image_url as profile10_2_0_,
        user0_.stripe_customer_id as stripe_11_2_0_,
        user0_.username as usernam12_2_0_,
        plan1_.id as id1_0_1_,
        plan1_.name as name2_0_1_,
        userroles2_.user_id as user_id3_3_2_,
        userroles2_.id as id1_3_2_,
        userroles2_.id as id1_3_3_,
        userroles2_.role_id as role_id2_3_3_,
        userroles2_.user_id as user_id3_3_3_,
        role3_.id as id1_1_4_,
        role3_.name as name2_1_4_ 
    from
        user user0_ 
    left outer join
        plan plan1_ 
            on user0_.plan_id=plan1_.id 
    left outer join
        user_role userroles2_ 
            on user0_.id=userroles2_.user_id 
    left outer join
        role role3_ 
            on userroles2_.role_id=role3_.id 
    where
        user0_.id=?
Hibernate: 
    select
        plan0_.id as id1_0_0_,
        plan0_.name as name2_0_0_ 
    from
        plan plan0_ 
    where
        plan0_.id=?
Hibernate: 
    select
        role0_.id as id1_1_1_,
        role0_.name as name2_1_1_,
        userroles1_.role_id as role_id2_3_3_,
        userroles1_.id as id1_3_3_,
        userroles1_.id as id1_3_0_,
        userroles1_.role_id as role_id2_3_0_,
        userroles1_.user_id as user_id3_3_0_ 
    from
        role role0_ 
    left outer join
        user_role userroles1_ 
            on role0_.id=userroles1_.role_id 
    where
        role0_.id=?
Hibernate: 
    select
        user0_.id as id1_2_1_,
        user0_.country as country2_2_1_,
        user0_.description as descript3_2_1_,
        user0_.email as email4_2_1_,
        user0_.enabled as enabled5_2_1_,
        user0_.first_name as first_na6_2_1_,
        user0_.last_name as last_nam7_2_1_,
        user0_.password as password8_2_1_,
        user0_.phone_number as phone_nu9_2_1_,
        user0_.plan_id as plan_id13_2_1_,
        user0_.profile_image_url as profile10_2_1_,
        user0_.stripe_customer_id as stripe_11_2_1_,
        user0_.username as usernam12_2_1_,
        userroles1_.user_id as user_id3_3_3_,
        userroles1_.id as id1_3_3_,
        userroles1_.id as id1_3_0_,
        userroles1_.role_id as role_id2_3_0_,
        userroles1_.user_id as user_id3_3_0_ 
    from
        user user0_ 
    left outer join
        user_role userroles1_ 
            on user0_.id=userroles1_.user_id 
    where
        user0_.id=?
Hibernate: 
    select
        plan0_.id as id1_0_0_,
        plan0_.name as name2_0_0_ 
    from
        plan plan0_ 
    where
        plan0_.id=?
Hibernate: 
    select
        plan_.id,
        plan_.name as name2_0_ 
    from
        plan plan_ 
    where
        plan_.id=?
Hibernate: 
    insert 
    into
        user
        (id, country, description, email, enabled, first_name, last_name, password, phone_number, plan_id, profile_image_url, stripe_customer_id, username) 
    values
        (null, ?, ?, ?, ?, ?, ?, ?, ?, ?, ?, ?, ?)
Hibernate: 
    select
        role_.id,
        role_.name as name2_1_ 
    from
        role role_ 
    where
        role_.id=?
Hibernate: 
    insert 
    into
        user_role
        (id, role_id, user_id) 
    values
        (null, ?, ?)
Hibernate: 
    select
        user0_.id as id1_2_0_,
        user0_.country as country2_2_0_,
        user0_.description as descript3_2_0_,
        user0_.email as email4_2_0_,
        user0_.enabled as enabled5_2_0_,
        user0_.first_name as first_na6_2_0_,
        user0_.last_name as last_nam7_2_0_,
        user0_.password as password8_2_0_,
        user0_.phone_number as phone_nu9_2_0_,
        user0_.plan_id as plan_id13_2_0_,
        user0_.profile_image_url as profile10_2_0_,
        user0_.stripe_customer_id as stripe_11_2_0_,
        user0_.username as usernam12_2_0_,
        plan1_.id as id1_0_1_,
        plan1_.name as name2_0_1_,
        userroles2_.user_id as user_id3_3_2_,
        userroles2_.id as id1_3_2_,
        userroles2_.id as id1_3_3_,
        userroles2_.role_id as role_id2_3_3_,
        userroles2_.user_id as user_id3_3_3_,
        role3_.id as id1_1_4_,
        role3_.name as name2_1_4_ 
    from
        user user0_ 
    left outer join
        plan plan1_ 
            on user0_.plan_id=plan1_.id 
    left outer join
        user_role userroles2_ 
            on user0_.id=userroles2_.user_id 
    left outer join
        role role3_ 
            on userroles2_.role_id=role3_.id 
    where
        user0_.id=?
Hibernate: 
    delete 
    from
        user_role 
    where
        id=?
Hibernate: 
    delete 
    from
        user 
    where
        id=?
Hibernate: 
    select
        plan0_.id as id1_0_0_,
        plan0_.name as name2_0_0_ 
    from
        plan plan0_ 
    where
        plan0_.id=?
Hibernate: 
    select
        plan0_.id as id1_0_0_,
        plan0_.name as name2_0_0_ 
    from
        plan plan0_ 
    where
        plan0_.id=?
Hibernate: 
    select
        role0_.id as id1_1_1_,
        role0_.name as name2_1_1_,
        userroles1_.role_id as role_id2_3_3_,
        userroles1_.id as id1_3_3_,
        userroles1_.id as id1_3_0_,
        userroles1_.role_id as role_id2_3_0_,
        userroles1_.user_id as user_id3_3_0_ 
    from
        role role0_ 
    left outer join
        user_role userroles1_ 
            on role0_.id=userroles1_.role_id 
    where
        role0_.id=?
Hibernate: 
    select
        user0_.id as id1_2_1_,
        user0_.country as country2_2_1_,
        user0_.description as descript3_2_1_,
        user0_.email as email4_2_1_,
        user0_.enabled as enabled5_2_1_,
        user0_.first_name as first_na6_2_1_,
        user0_.last_name as last_nam7_2_1_,
        user0_.password as password8_2_1_,
        user0_.phone_number as phone_nu9_2_1_,
        user0_.plan_id as plan_id13_2_1_,
        user0_.profile_image_url as profile10_2_1_,
        user0_.stripe_customer_id as stripe_11_2_1_,
        user0_.username as usernam12_2_1_,
        userroles1_.user_id as user_id3_3_3_,
        userroles1_.id as id1_3_3_,
        userroles1_.id as id1_3_0_,
        userroles1_.role_id as role_id2_3_0_,
        userroles1_.user_id as user_id3_3_0_ 
    from
        user user0_ 
    left outer join
        user_role userroles1_ 
            on user0_.id=userroles1_.user_id 
    where
        user0_.id=?
Hibernate: 
    select
        plan0_.id as id1_0_0_,
        plan0_.name as name2_0_0_ 
    from
        plan plan0_ 
    where
        plan0_.id=?
Hibernate: 
    select
        role0_.id as id1_1_0_,
        role0_.name as name2_1_0_ 
    from
        role role0_ 
    where
        role0_.id=?
]]></system-out>
  <system-err><![CDATA[]]></system-err>
</testsuite>
