<?xml version="1.0" encoding="UTF-8"?>
<testsuite name="com.cappuccino.CappuccinoApplicationTest" tests="1" skipped="0" failures="0" errors="0" timestamp="2017-01-15T13:16:08" hostname="marketplay-lm" time="0.014">
  <properties/>
  <testcase name="testMessageByLocaleService" classname="com.cappuccino.CappuccinoApplicationTest" time="0.014"/>
  <system-out><![CDATA[13:16:05.521 [Test worker] DEBUG org.springframework.test.context.junit4.SpringJUnit4ClassRunner - SpringJUnit4ClassRunner constructor called with [class com.cappuccino.CappuccinoApplicationTest]
13:16:05.525 [Test worker] DEBUG org.springframework.test.context.BootstrapUtils - Instantiating CacheAwareContextLoaderDelegate from class [org.springframework.test.context.cache.DefaultCacheAwareContextLoaderDelegate]
13:16:05.531 [Test worker] DEBUG org.springframework.test.context.BootstrapUtils - Instantiating BootstrapContext using constructor [public org.springframework.test.context.support.DefaultBootstrapContext(java.lang.Class,org.springframework.test.context.CacheAwareContextLoaderDelegate)]
13:16:05.548 [Test worker] DEBUG org.springframework.test.context.BootstrapUtils - Instantiating TestContextBootstrapper for test class [com.cappuccino.CappuccinoApplicationTest] from class [org.springframework.boot.test.context.SpringBootTestContextBootstrapper]
13:16:05.559 [Test worker] INFO org.springframework.boot.test.context.SpringBootTestContextBootstrapper - Neither @ContextConfiguration nor @ContextHierarchy found for test class [com.cappuccino.CappuccinoApplicationTest], using SpringBootContextLoader
13:16:05.562 [Test worker] DEBUG org.springframework.test.context.support.AbstractContextLoader - Did not detect default resource location for test class [com.cappuccino.CappuccinoApplicationTest]: class path resource [com/cappuccino/CappuccinoApplicationTest-context.xml] does not exist
13:16:05.562 [Test worker] DEBUG org.springframework.test.context.support.AbstractContextLoader - Did not detect default resource location for test class [com.cappuccino.CappuccinoApplicationTest]: class path resource [com/cappuccino/CappuccinoApplicationTestContext.groovy] does not exist
13:16:05.562 [Test worker] INFO org.springframework.test.context.support.AbstractContextLoader - Could not detect default resource locations for test class [com.cappuccino.CappuccinoApplicationTest]: no resource found for suffixes {-context.xml, Context.groovy}.
13:16:05.563 [Test worker] INFO org.springframework.test.context.support.AnnotationConfigContextLoaderUtils - Could not detect default configuration classes for test class [com.cappuccino.CappuccinoApplicationTest]: CappuccinoApplicationTest does not declare any static, non-private, non-final, nested classes annotated with @Configuration.
13:16:05.591 [Test worker] DEBUG org.springframework.test.context.support.ActiveProfilesUtils - Could not find an 'annotation declaring class' for annotation type [org.springframework.test.context.ActiveProfiles] and class [com.cappuccino.CappuccinoApplicationTest]
13:16:05.598 [Test worker] DEBUG org.springframework.core.env.StandardEnvironment - Adding [systemProperties] PropertySource with lowest search precedence
13:16:05.599 [Test worker] DEBUG org.springframework.core.env.StandardEnvironment - Adding [systemEnvironment] PropertySource with lowest search precedence
13:16:05.599 [Test worker] DEBUG org.springframework.core.env.StandardEnvironment - Initialized StandardEnvironment with PropertySources [systemProperties,systemEnvironment]
13:16:05.607 [Test worker] DEBUG org.springframework.core.io.support.PathMatchingResourcePatternResolver - Resolved classpath location [com/cappuccino/] to resources [URL [file:/Users/krime/Desktop/Traininig/Spring/cappuccino/build/classes/test/com/cappuccino/], URL [file:/Users/krime/Desktop/Traininig/Spring/cappuccino/build/classes/main/com/cappuccino/]]
13:16:05.608 [Test worker] DEBUG org.springframework.core.io.support.PathMatchingResourcePatternResolver - Looking for matching resources in directory tree [/Users/krime/Desktop/Traininig/Spring/cappuccino/build/classes/test/com/cappuccino]
13:16:05.608 [Test worker] DEBUG org.springframework.core.io.support.PathMatchingResourcePatternResolver - Searching directory [/Users/krime/Desktop/Traininig/Spring/cappuccino/build/classes/test/com/cappuccino] for files matching pattern [/Users/krime/Desktop/Traininig/Spring/cappuccino/build/classes/test/com/cappuccino/*.class]
13:16:05.611 [Test worker] DEBUG org.springframework.core.io.support.PathMatchingResourcePatternResolver - Looking for matching resources in directory tree [/Users/krime/Desktop/Traininig/Spring/cappuccino/build/classes/main/com/cappuccino]
13:16:05.611 [Test worker] DEBUG org.springframework.core.io.support.PathMatchingResourcePatternResolver - Searching directory [/Users/krime/Desktop/Traininig/Spring/cappuccino/build/classes/main/com/cappuccino] for files matching pattern [/Users/krime/Desktop/Traininig/Spring/cappuccino/build/classes/main/com/cappuccino/*.class]
13:16:05.612 [Test worker] DEBUG org.springframework.core.io.support.PathMatchingResourcePatternResolver - Resolved location pattern [classpath*:com/cappuccino/*.class] to resources [file [/Users/krime/Desktop/Traininig/Spring/cappuccino/build/classes/test/com/cappuccino/CappuccinoApplicationTest.class], file [/Users/krime/Desktop/Traininig/Spring/cappuccino/build/classes/main/com/cappuccino/CappuccinoApplication.class]]
13:16:05.647 [Test worker] DEBUG org.springframework.context.annotation.ClassPathScanningCandidateComponentProvider - Identified candidate component class: file [/Users/krime/Desktop/Traininig/Spring/cappuccino/build/classes/main/com/cappuccino/CappuccinoApplication.class]
13:16:05.648 [Test worker] INFO org.springframework.boot.test.context.SpringBootTestContextBootstrapper - Found @SpringBootConfiguration com.cappuccino.CappuccinoApplication for test class com.cappuccino.CappuccinoApplicationTest
13:16:05.653 [Test worker] DEBUG org.springframework.boot.test.context.SpringBootTestContextBootstrapper - @TestExecutionListeners is not present for class [com.cappuccino.CappuccinoApplicationTest]: using defaults.
13:16:05.658 [Test worker] INFO org.springframework.boot.test.context.SpringBootTestContextBootstrapper - Loaded default TestExecutionListener class names from location [META-INF/spring.factories]: [org.springframework.boot.test.mock.mockito.MockitoTestExecutionListener, org.springframework.boot.test.mock.mockito.ResetMocksTestExecutionListener, org.springframework.boot.test.autoconfigure.restdocs.RestDocsTestExecutionListener, org.springframework.boot.test.autoconfigure.web.client.MockRestServiceServerResetTestExecutionListener, org.springframework.boot.test.autoconfigure.web.servlet.MockMvcPrintOnlyOnFailureTestExecutionListener, org.springframework.boot.test.autoconfigure.web.servlet.WebDriverTestExecutionListener, org.springframework.test.context.web.ServletTestExecutionListener, org.springframework.test.context.support.DirtiesContextBeforeModesTestExecutionListener, org.springframework.test.context.support.DependencyInjectionTestExecutionListener, org.springframework.test.context.support.DirtiesContextTestExecutionListener, org.springframework.test.context.transaction.TransactionalTestExecutionListener, org.springframework.test.context.jdbc.SqlScriptsTestExecutionListener]
13:16:05.668 [Test worker] INFO org.springframework.boot.test.context.SpringBootTestContextBootstrapper - Could not instantiate TestExecutionListener [org.springframework.test.context.transaction.TransactionalTestExecutionListener]. Specify custom listener classes or make the default listener classes (and their required dependencies) available. Offending class: [org/springframework/transaction/interceptor/TransactionAttributeSource]
13:16:05.668 [Test worker] INFO org.springframework.boot.test.context.SpringBootTestContextBootstrapper - Could not instantiate TestExecutionListener [org.springframework.test.context.jdbc.SqlScriptsTestExecutionListener]. Specify custom listener classes or make the default listener classes (and their required dependencies) available. Offending class: [org/springframework/transaction/interceptor/TransactionAttribute]
13:16:05.676 [Test worker] INFO org.springframework.boot.test.context.SpringBootTestContextBootstrapper - Using TestExecutionListeners: [org.springframework.test.context.web.ServletTestExecutionListener@79531e3c, org.springframework.test.context.support.DirtiesContextBeforeModesTestExecutionListener@3cd85853, org.springframework.boot.test.autoconfigure.SpringBootDependencyInjectionTestExecutionListener@1fc3ae50, org.springframework.test.context.support.DirtiesContextTestExecutionListener@61697d8d, org.springframework.boot.test.autoconfigure.restdocs.RestDocsTestExecutionListener@aa3d62, org.springframework.boot.test.mock.mockito.MockitoTestExecutionListener@7e4ef7e4, org.springframework.boot.test.mock.mockito.ResetMocksTestExecutionListener@7cfd6753, org.springframework.boot.test.autoconfigure.web.servlet.MockMvcPrintOnlyOnFailureTestExecutionListener@56d2f854, org.springframework.boot.test.autoconfigure.web.servlet.WebDriverTestExecutionListener@7428ec1, org.springframework.boot.test.autoconfigure.web.client.MockRestServiceServerResetTestExecutionListener@ebaa81a]
13:16:05.683 [Test worker] DEBUG org.springframework.test.annotation.ProfileValueUtils - Retrieved @ProfileValueSourceConfiguration [null] for test class [com.cappuccino.CappuccinoApplicationTest]
13:16:05.692 [Test worker] DEBUG org.springframework.test.annotation.ProfileValueUtils - Retrieved ProfileValueSource type [class org.springframework.test.annotation.SystemProfileValueSource] for class [com.cappuccino.CappuccinoApplicationTest]
13:16:05.693 [Test worker] DEBUG org.springframework.test.annotation.ProfileValueUtils - Retrieved @ProfileValueSourceConfiguration [null] for test class [com.cappuccino.CappuccinoApplicationTest]
13:16:05.693 [Test worker] DEBUG org.springframework.test.annotation.ProfileValueUtils - Retrieved ProfileValueSource type [class org.springframework.test.annotation.SystemProfileValueSource] for class [com.cappuccino.CappuccinoApplicationTest]
13:16:05.701 [Test worker] DEBUG org.springframework.test.context.support.AbstractDirtiesContextTestExecutionListener - Before test class: context [DefaultTestContext@60e59b1 testClass = CappuccinoApplicationTest, testInstance = [null], testMethod = [null], testException = [null], mergedContextConfiguration = [WebMergedContextConfiguration@fc56f02 testClass = CappuccinoApplicationTest, locations = '{}', classes = '{class com.cappuccino.CappuccinoApplication}', contextInitializerClasses = '[]', activeProfiles = '{}', propertySourceLocations = '{}', propertySourceProperties = '{org.springframework.boot.test.context.SpringBootTestContextBootstrapper=true}', contextCustomizers = set[org.springframework.boot.test.context.SpringBootTestContextCustomizer@5929a3d9, org.springframework.boot.test.context.filter.ExcludeFilterContextCustomizer@1046869a, org.springframework.boot.test.mock.mockito.MockitoContextCustomizer@0, org.springframework.boot.test.autoconfigure.properties.PropertyMappingContextCustomizer@0, org.springframework.boot.test.autoconfigure.web.servlet.WebDriverContextCustomizerFactory$Customizer@56a6b174, org.springframework.test.context.web.socket.MockServerContainerContextCustomizer@19dc3d4b], resourceBasePath = 'src/main/webapp', contextLoader = 'org.springframework.boot.test.context.SpringBootContextLoader', parent = [null]]], class annotated with @DirtiesContext [false] with mode [null].
13:16:05.702 [Test worker] DEBUG org.springframework.test.annotation.ProfileValueUtils - Retrieved @ProfileValueSourceConfiguration [null] for test class [com.cappuccino.CappuccinoApplicationTest]
13:16:05.702 [Test worker] DEBUG org.springframework.test.annotation.ProfileValueUtils - Retrieved ProfileValueSource type [class org.springframework.test.annotation.SystemProfileValueSource] for class [com.cappuccino.CappuccinoApplicationTest]
13:16:05.758 [Test worker] DEBUG org.springframework.core.env.StandardEnvironment - Adding [systemProperties] PropertySource with lowest search precedence
13:16:05.758 [Test worker] DEBUG org.springframework.core.env.StandardEnvironment - Adding [systemEnvironment] PropertySource with lowest search precedence
13:16:05.758 [Test worker] DEBUG org.springframework.core.env.StandardEnvironment - Initialized StandardEnvironment with PropertySources [systemProperties,systemEnvironment]
13:16:05.759 [Test worker] DEBUG org.springframework.test.context.support.TestPropertySourceUtils - Adding inlined properties to environment: {spring.jmx.enabled=false, org.springframework.boot.test.context.SpringBootTestContextBootstrapper=true, server.port=-1}
13:16:05.759 [Test worker] DEBUG org.springframework.core.env.StandardEnvironment - Adding [Inlined Test Properties] PropertySource with highest search precedence

  .   ____          _            __ _ _
 /\\ / ___'_ __ _ _(_)_ __  __ _ \ \ \ \
( ( )\___ | '_ | '_| | '_ \/ _` | \ \ \ \
 \\/  ___)| |_)| | | | | || (_| |  ) ) ) )
  '  |____| .__|_| |_|_| |_\__, | / / / /
 =========|_|==============|___/=/_/_/_/
 :: Spring Boot ::        (v1.4.3.RELEASE)

2017-01-15 13:16:06.067  INFO 7115 --- [    Test worker] c.cappuccino.CappuccinoApplicationTest   : Starting CappuccinoApplicationTest on marketplay-lm with PID 7115 (started by krime in /Users/krime/Desktop/Traininig/Spring/cappuccino)
2017-01-15 13:16:06.069  INFO 7115 --- [    Test worker] c.cappuccino.CappuccinoApplicationTest   : No active profile set, falling back to default profiles: default
2017-01-15 13:16:06.307  INFO 7115 --- [    Test worker] o.s.w.c.s.GenericWebApplicationContext   : Refreshing org.springframework.web.context.support.GenericWebApplicationContext@52bb8d50: startup date [Sun Jan 15 13:16:06 GMT 2017]; root of context hierarchy
2017-01-15 13:16:07.544  INFO 7115 --- [    Test worker] s.w.s.m.m.a.RequestMappingHandlerAdapter : Looking for @ControllerAdvice: org.springframework.web.context.support.GenericWebApplicationContext@52bb8d50: startup date [Sun Jan 15 13:16:06 GMT 2017]; root of context hierarchy
2017-01-15 13:16:07.600  INFO 7115 --- [    Test worker] s.w.s.m.m.a.RequestMappingHandlerMapping : Mapped "{[/]}" onto public java.lang.String com.cappuccino.web.controllers.IndexController.home()
2017-01-15 13:16:07.604  INFO 7115 --- [    Test worker] s.w.s.m.m.a.RequestMappingHandlerMapping : Mapped "{[/error]}" onto public org.springframework.http.ResponseEntity<java.util.Map<java.lang.String, java.lang.Object>> org.springframework.boot.autoconfigure.web.BasicErrorController.error(javax.servlet.http.HttpServletRequest)
2017-01-15 13:16:07.604  INFO 7115 --- [    Test worker] s.w.s.m.m.a.RequestMappingHandlerMapping : Mapped "{[/error],produces=[text/html]}" onto public org.springframework.web.servlet.ModelAndView org.springframework.boot.autoconfigure.web.BasicErrorController.errorHtml(javax.servlet.http.HttpServletRequest,javax.servlet.http.HttpServletResponse)
2017-01-15 13:16:07.635  INFO 7115 --- [    Test worker] o.s.w.s.handler.SimpleUrlHandlerMapping  : Mapped URL path [/webjars/**] onto handler of type [class org.springframework.web.servlet.resource.ResourceHttpRequestHandler]
2017-01-15 13:16:07.635  INFO 7115 --- [    Test worker] o.s.w.s.handler.SimpleUrlHandlerMapping  : Mapped URL path [/**] onto handler of type [class org.springframework.web.servlet.resource.ResourceHttpRequestHandler]
2017-01-15 13:16:07.671  INFO 7115 --- [    Test worker] o.s.w.s.handler.SimpleUrlHandlerMapping  : Mapped URL path [/**/favicon.ico] onto handler of type [class org.springframework.web.servlet.resource.ResourceHttpRequestHandler]
2017-01-15 13:16:08.087  INFO 7115 --- [    Test worker] c.cappuccino.CappuccinoApplicationTest   : Started CappuccinoApplicationTest in 2.319 seconds (JVM running for 3.131)
]]></system-out>
  <system-err><![CDATA[]]></system-err>
</testsuite>
