<?xml version="1.0" encoding="UTF-8"?>
<testsuite name="com.cappuccino.test.integration.UserRepositoryIntegrationTest" tests="0" skipped="0" failures="0" errors="0" timestamp="1970-01-01T00:00:00" hostname="marketplay-lm" time="0.0">
  <properties/>
  <system-out><![CDATA[380  [Test worker] INFO  o.s.b.t.c.SpringBootTestContextBootstrapper - Neither @ContextConfiguration nor @ContextHierarchy found for test class [com.cappuccino.test.integration.UserRepositoryIntegrationTest], using SpringBootContextLoader
381  [Test worker] INFO  o.s.t.c.s.AbstractContextLoader - Could not detect default resource locations for test class [com.cappuccino.test.integration.UserRepositoryIntegrationTest]: no resource found for suffixes {-context.xml, Context.groovy}.
381  [Test worker] INFO  o.s.t.c.s.AnnotationConfigContextLoaderUtils - Could not detect default configuration classes for test class [com.cappuccino.test.integration.UserRepositoryIntegrationTest]: UserRepositoryIntegrationTest does not declare any static, non-private, non-final, nested classes annotated with @Configuration.
383  [Test worker] INFO  o.s.b.t.c.SpringBootTestContextBootstrapper - Found @SpringBootConfiguration com.cappuccino.CappuccinoApplication for test class com.cappuccino.test.integration.UserRepositoryIntegrationTest
386  [Test worker] INFO  o.s.b.t.c.SpringBootTestContextBootstrapper - Loaded default TestExecutionListener class names from location [META-INF/spring.factories]: [org.springframework.boot.test.mock.mockito.MockitoTestExecutionListener, org.springframework.boot.test.mock.mockito.ResetMocksTestExecutionListener, org.springframework.boot.test.autoconfigure.restdocs.RestDocsTestExecutionListener, org.springframework.boot.test.autoconfigure.web.client.MockRestServiceServerResetTestExecutionListener, org.springframework.boot.test.autoconfigure.web.servlet.MockMvcPrintOnlyOnFailureTestExecutionListener, org.springframework.boot.test.autoconfigure.web.servlet.WebDriverTestExecutionListener, org.springframework.test.context.web.ServletTestExecutionListener, org.springframework.test.context.support.DirtiesContextBeforeModesTestExecutionListener, org.springframework.test.context.support.DependencyInjectionTestExecutionListener, org.springframework.test.context.support.DirtiesContextTestExecutionListener, org.springframework.test.context.transaction.TransactionalTestExecutionListener, org.springframework.test.context.jdbc.SqlScriptsTestExecutionListener]
387  [Test worker] INFO  o.s.b.t.c.SpringBootTestContextBootstrapper - Using TestExecutionListeners: [org.springframework.test.context.web.ServletTestExecutionListener@5ade6f5c, org.springframework.test.context.support.DirtiesContextBeforeModesTestExecutionListener@78af63b1, org.springframework.boot.test.autoconfigure.SpringBootDependencyInjectionTestExecutionListener@dff7acd, org.springframework.test.context.support.DirtiesContextTestExecutionListener@24907f61, org.springframework.test.context.transaction.TransactionalTestExecutionListener@d9d5020, org.springframework.test.context.jdbc.SqlScriptsTestExecutionListener@eac18c9, org.springframework.boot.test.autoconfigure.web.client.MockRestServiceServerResetTestExecutionListener@787322c3, org.springframework.boot.test.autoconfigure.web.servlet.MockMvcPrintOnlyOnFailureTestExecutionListener@5fbf21db, org.springframework.boot.test.autoconfigure.restdocs.RestDocsTestExecutionListener@38c4665c, org.springframework.boot.test.mock.mockito.MockitoTestExecutionListener@56c05bdd, org.springframework.boot.test.autoconfigure.web.servlet.WebDriverTestExecutionListener@37c40efc, org.springframework.boot.test.mock.mockito.ResetMocksTestExecutionListener@11d34026]
]]></system-out>
  <system-err><![CDATA[]]></system-err>
</testsuite>
