<?xml version="1.0" encoding="UTF-8"?>
<testsuite name="com.cappuccino.CappuccinoApplicationTest" tests="1" skipped="0" failures="0" errors="0" timestamp="2017-01-15T13:38:37" hostname="marketplay-lm" time="0.016">
  <properties/>
  <testcase name="testMessageByLocaleService" classname="com.cappuccino.CappuccinoApplicationTest" time="0.016"/>
  <system-out><![CDATA[212  [Test worker] INFO  o.s.b.t.c.SpringBootTestContextBootstrapper - Neither @ContextConfiguration nor @ContextHierarchy found for test class [com.cappuccino.CappuccinoApplicationTest], using SpringBootContextLoader
217  [Test worker] INFO  o.s.t.c.s.AbstractContextLoader - Could not detect default resource locations for test class [com.cappuccino.CappuccinoApplicationTest]: no resource found for suffixes {-context.xml, Context.groovy}.
218  [Test worker] INFO  o.s.t.c.s.AnnotationConfigContextLoaderUtils - Could not detect default configuration classes for test class [com.cappuccino.CappuccinoApplicationTest]: CappuccinoApplicationTest does not declare any static, non-private, non-final, nested classes annotated with @Configuration.
304  [Test worker] INFO  o.s.b.t.c.SpringBootTestContextBootstrapper - Found @SpringBootConfiguration com.cappuccino.CappuccinoApplication for test class com.cappuccino.CappuccinoApplicationTest
310  [Test worker] INFO  o.s.b.t.c.SpringBootTestContextBootstrapper - Loaded default TestExecutionListener class names from location [META-INF/spring.factories]: [org.springframework.boot.test.mock.mockito.MockitoTestExecutionListener, org.springframework.boot.test.mock.mockito.ResetMocksTestExecutionListener, org.springframework.boot.test.autoconfigure.restdocs.RestDocsTestExecutionListener, org.springframework.boot.test.autoconfigure.web.client.MockRestServiceServerResetTestExecutionListener, org.springframework.boot.test.autoconfigure.web.servlet.MockMvcPrintOnlyOnFailureTestExecutionListener, org.springframework.boot.test.autoconfigure.web.servlet.WebDriverTestExecutionListener, org.springframework.test.context.web.ServletTestExecutionListener, org.springframework.test.context.support.DirtiesContextBeforeModesTestExecutionListener, org.springframework.test.context.support.DependencyInjectionTestExecutionListener, org.springframework.test.context.support.DirtiesContextTestExecutionListener, org.springframework.test.context.transaction.TransactionalTestExecutionListener, org.springframework.test.context.jdbc.SqlScriptsTestExecutionListener]
316  [Test worker] INFO  o.s.b.t.c.SpringBootTestContextBootstrapper - Could not instantiate TestExecutionListener [org.springframework.test.context.jdbc.SqlScriptsTestExecutionListener]. Specify custom listener classes or make the default listener classes (and their required dependencies) available. Offending class: [org/springframework/transaction/interceptor/TransactionAttribute]
319  [Test worker] INFO  o.s.b.t.c.SpringBootTestContextBootstrapper - Could not instantiate TestExecutionListener [org.springframework.test.context.transaction.TransactionalTestExecutionListener]. Specify custom listener classes or make the default listener classes (and their required dependencies) available. Offending class: [org/springframework/transaction/interceptor/TransactionAttributeSource]
320  [Test worker] INFO  o.s.b.t.c.SpringBootTestContextBootstrapper - Using TestExecutionListeners: [org.springframework.test.context.web.ServletTestExecutionListener@264ba4ea, org.springframework.test.context.support.DirtiesContextBeforeModesTestExecutionListener@3be53072, org.springframework.boot.test.autoconfigure.SpringBootDependencyInjectionTestExecutionListener@516ae7de, org.springframework.test.context.support.DirtiesContextTestExecutionListener@1049305f, org.springframework.boot.test.autoconfigure.web.servlet.WebDriverTestExecutionListener@6b5eba48, org.springframework.boot.test.mock.mockito.ResetMocksTestExecutionListener@79aa61f1, org.springframework.boot.test.autoconfigure.restdocs.RestDocsTestExecutionListener@7ff82d0d, org.springframework.boot.test.mock.mockito.MockitoTestExecutionListener@26ea2165, org.springframework.boot.test.autoconfigure.web.client.MockRestServiceServerResetTestExecutionListener@3878430a, org.springframework.boot.test.autoconfigure.web.servlet.MockMvcPrintOnlyOnFailureTestExecutionListener@12f7181d]

  .   ____          _            __ _ _
 /\\ / ___'_ __ _ _(_)_ __  __ _ \ \ \ \
( ( )\___ | '_ | '_| | '_ \/ _` | \ \ \ \
 \\/  ___)| |_)| | | | | || (_| |  ) ) ) )
  '  |____| .__|_| |_|_| |_\__, | / / / /
 =========|_|==============|___/=/_/_/_/
 :: Spring Boot ::        (v1.4.3.RELEASE)

654  [Test worker] INFO  c.c.CappuccinoApplicationTest - Starting CappuccinoApplicationTest on marketplay-lm with PID 7721 (started by krime in /Users/krime/Desktop/Traininig/Spring/cappuccino)
655  [Test worker] DEBUG c.c.CappuccinoApplicationTest - Running with Spring Boot v1.4.3.RELEASE, Spring v4.3.5.RELEASE
655  [Test worker] INFO  c.c.CappuccinoApplicationTest - No active profile set, falling back to default profiles: default
879  [Test worker] INFO  o.s.w.c.s.GenericWebApplicationContext - Refreshing org.springframework.web.context.support.GenericWebApplicationContext@6f08156e: startup date [Sun Jan 15 13:38:35 GMT 2017]; root of context hierarchy
2019 [Test worker] INFO  o.s.w.s.m.m.a.RequestMappingHandlerAdapter - Looking for @ControllerAdvice: org.springframework.web.context.support.GenericWebApplicationContext@6f08156e: startup date [Sun Jan 15 13:38:35 GMT 2017]; root of context hierarchy
2069 [Test worker] INFO  o.s.w.s.m.m.a.RequestMappingHandlerMapping - Mapped "{[/]}" onto public java.lang.String com.cappuccino.web.controllers.IndexController.home()
2072 [Test worker] INFO  o.s.w.s.m.m.a.RequestMappingHandlerMapping - Mapped "{[/error]}" onto public org.springframework.http.ResponseEntity<java.util.Map<java.lang.String, java.lang.Object>> org.springframework.boot.autoconfigure.web.BasicErrorController.error(javax.servlet.http.HttpServletRequest)
2072 [Test worker] INFO  o.s.w.s.m.m.a.RequestMappingHandlerMapping - Mapped "{[/error],produces=[text/html]}" onto public org.springframework.web.servlet.ModelAndView org.springframework.boot.autoconfigure.web.BasicErrorController.errorHtml(javax.servlet.http.HttpServletRequest,javax.servlet.http.HttpServletResponse)
2099 [Test worker] INFO  o.s.w.s.h.SimpleUrlHandlerMapping - Mapped URL path [/webjars/**] onto handler of type [class org.springframework.web.servlet.resource.ResourceHttpRequestHandler]
2099 [Test worker] INFO  o.s.w.s.h.SimpleUrlHandlerMapping - Mapped URL path [/**] onto handler of type [class org.springframework.web.servlet.resource.ResourceHttpRequestHandler]
2127 [Test worker] INFO  o.s.w.s.h.SimpleUrlHandlerMapping - Mapped URL path [/**/favicon.ico] onto handler of type [class org.springframework.web.servlet.resource.ResourceHttpRequestHandler]
2529 [Test worker] INFO  c.c.CappuccinoApplicationTest - Started CappuccinoApplicationTest in 2.152 seconds (JVM running for 3.034)
2555 [Test worker] INFO  com.cappuccino.web.i18n.I18nService - Returning i18n text for messageId index.main.callout
]]></system-out>
  <system-err><![CDATA[]]></system-err>
</testsuite>
