<?xml version="1.0" encoding="UTF-8"?>
<testsuite name="com.cappuccino.test.integration.UserIntegrationTest" tests="4" skipped="0" failures="0" errors="0" timestamp="2017-01-17T12:43:14" hostname="marketplay-lm" time="0.109">
  <properties/>
  <testcase name="createNewUser" classname="com.cappuccino.test.integration.UserIntegrationTest" time="0.033"/>
  <testcase name="testDeleteUser" classname="com.cappuccino.test.integration.UserIntegrationTest" time="0.038"/>
  <testcase name="testCreateNewPlan" classname="com.cappuccino.test.integration.UserIntegrationTest" time="0.01"/>
  <testcase name="testCreateNewRole" classname="com.cappuccino.test.integration.UserIntegrationTest" time="0.025"/>
  <system-out><![CDATA[6588 [Test worker] INFO  o.s.b.t.c.SpringBootTestContextBootstrapper - Neither @ContextConfiguration nor @ContextHierarchy found for test class [com.cappuccino.test.integration.UserIntegrationTest], using SpringBootContextLoader
6589 [Test worker] INFO  o.s.t.c.s.AbstractContextLoader - Could not detect default resource locations for test class [com.cappuccino.test.integration.UserIntegrationTest]: no resource found for suffixes {-context.xml, Context.groovy}.
6589 [Test worker] INFO  o.s.t.c.s.AnnotationConfigContextLoaderUtils - Could not detect default configuration classes for test class [com.cappuccino.test.integration.UserIntegrationTest]: UserIntegrationTest does not declare any static, non-private, non-final, nested classes annotated with @Configuration.
6594 [Test worker] INFO  o.s.b.t.c.SpringBootTestContextBootstrapper - Found @SpringBootConfiguration com.cappuccino.CappuccinoApplication for test class com.cappuccino.test.integration.UserIntegrationTest
6597 [Test worker] INFO  o.s.b.t.c.SpringBootTestContextBootstrapper - Loaded default TestExecutionListener class names from location [META-INF/spring.factories]: [org.springframework.boot.test.mock.mockito.MockitoTestExecutionListener, org.springframework.boot.test.mock.mockito.ResetMocksTestExecutionListener, org.springframework.boot.test.autoconfigure.restdocs.RestDocsTestExecutionListener, org.springframework.boot.test.autoconfigure.web.client.MockRestServiceServerResetTestExecutionListener, org.springframework.boot.test.autoconfigure.web.servlet.MockMvcPrintOnlyOnFailureTestExecutionListener, org.springframework.boot.test.autoconfigure.web.servlet.WebDriverTestExecutionListener, org.springframework.test.context.web.ServletTestExecutionListener, org.springframework.test.context.support.DirtiesContextBeforeModesTestExecutionListener, org.springframework.test.context.support.DependencyInjectionTestExecutionListener, org.springframework.test.context.support.DirtiesContextTestExecutionListener, org.springframework.test.context.transaction.TransactionalTestExecutionListener, org.springframework.test.context.jdbc.SqlScriptsTestExecutionListener]
6600 [Test worker] INFO  o.s.b.t.c.SpringBootTestContextBootstrapper - Using TestExecutionListeners: [org.springframework.test.context.web.ServletTestExecutionListener@3fbe9b9c, org.springframework.test.context.support.DirtiesContextBeforeModesTestExecutionListener@4bb49841, org.springframework.boot.test.autoconfigure.SpringBootDependencyInjectionTestExecutionListener@65b29d1e, org.springframework.test.context.support.DirtiesContextTestExecutionListener@3ffa3016, org.springframework.test.context.transaction.TransactionalTestExecutionListener@74533e0e, org.springframework.test.context.jdbc.SqlScriptsTestExecutionListener@1b4ad655, org.springframework.boot.test.autoconfigure.web.client.MockRestServiceServerResetTestExecutionListener@6a61e24f, org.springframework.boot.test.mock.mockito.MockitoTestExecutionListener@4751595, org.springframework.boot.test.autoconfigure.web.servlet.MockMvcPrintOnlyOnFailureTestExecutionListener@693bf85b, org.springframework.boot.test.mock.mockito.ResetMocksTestExecutionListener@248e6357, org.springframework.boot.test.autoconfigure.web.servlet.WebDriverTestExecutionListener@41989e13, org.springframework.boot.test.autoconfigure.restdocs.RestDocsTestExecutionListener@6dede208]
Hibernate: 
    select
        plan0_.id as id1_1_0_,
        plan0_.name as name2_1_0_ 
    from
        plan plan0_ 
    where
        plan0_.id=?
Hibernate: 
    select
        role0_.id as id1_2_1_,
        role0_.name as name2_2_1_,
        userroles1_.role_id as role_id2_4_3_,
        userroles1_.id as id1_4_3_,
        userroles1_.id as id1_4_0_,
        userroles1_.role_id as role_id2_4_0_,
        userroles1_.user_id as user_id3_4_0_ 
    from
        role role0_ 
    left outer join
        user_role userroles1_ 
            on role0_.id=userroles1_.role_id 
    where
        role0_.id=?
Hibernate: 
    select
        user0_.id as id1_3_1_,
        user0_.country as country2_3_1_,
        user0_.description as descript3_3_1_,
        user0_.email as email4_3_1_,
        user0_.enabled as enabled5_3_1_,
        user0_.first_name as first_na6_3_1_,
        user0_.last_name as last_nam7_3_1_,
        user0_.password as password8_3_1_,
        user0_.phone_number as phone_nu9_3_1_,
        user0_.plan_id as plan_id13_3_1_,
        user0_.profile_image_url as profile10_3_1_,
        user0_.stripe_customer_id as stripe_11_3_1_,
        user0_.username as usernam12_3_1_,
        passwordre1_.user_id as user_id4_0_3_,
        passwordre1_.id as id1_0_3_,
        passwordre1_.id as id1_0_0_,
        passwordre1_.expiry_date as expiry_d2_0_0_,
        passwordre1_.token as token3_0_0_,
        passwordre1_.user_id as user_id4_0_0_ 
    from
        user user0_ 
    left outer join
        password_reset_token passwordre1_ 
            on user0_.id=passwordre1_.user_id 
    where
        user0_.id=?
Hibernate: 
    select
        plan0_.id as id1_1_0_,
        plan0_.name as name2_1_0_ 
    from
        plan plan0_ 
    where
        plan0_.id=?
Hibernate: 
    select
        user0_.id as id1_3_1_,
        user0_.country as country2_3_1_,
        user0_.description as descript3_3_1_,
        user0_.email as email4_3_1_,
        user0_.enabled as enabled5_3_1_,
        user0_.first_name as first_na6_3_1_,
        user0_.last_name as last_nam7_3_1_,
        user0_.password as password8_3_1_,
        user0_.phone_number as phone_nu9_3_1_,
        user0_.plan_id as plan_id13_3_1_,
        user0_.profile_image_url as profile10_3_1_,
        user0_.stripe_customer_id as stripe_11_3_1_,
        user0_.username as usernam12_3_1_,
        passwordre1_.user_id as user_id4_0_3_,
        passwordre1_.id as id1_0_3_,
        passwordre1_.id as id1_0_0_,
        passwordre1_.expiry_date as expiry_d2_0_0_,
        passwordre1_.token as token3_0_0_,
        passwordre1_.user_id as user_id4_0_0_ 
    from
        user user0_ 
    left outer join
        password_reset_token passwordre1_ 
            on user0_.id=passwordre1_.user_id 
    where
        user0_.id=?
Hibernate: 
    select
        user0_.id as id1_3_1_,
        user0_.country as country2_3_1_,
        user0_.description as descript3_3_1_,
        user0_.email as email4_3_1_,
        user0_.enabled as enabled5_3_1_,
        user0_.first_name as first_na6_3_1_,
        user0_.last_name as last_nam7_3_1_,
        user0_.password as password8_3_1_,
        user0_.phone_number as phone_nu9_3_1_,
        user0_.plan_id as plan_id13_3_1_,
        user0_.profile_image_url as profile10_3_1_,
        user0_.stripe_customer_id as stripe_11_3_1_,
        user0_.username as usernam12_3_1_,
        passwordre1_.user_id as user_id4_0_3_,
        passwordre1_.id as id1_0_3_,
        passwordre1_.id as id1_0_0_,
        passwordre1_.expiry_date as expiry_d2_0_0_,
        passwordre1_.token as token3_0_0_,
        passwordre1_.user_id as user_id4_0_0_ 
    from
        user user0_ 
    left outer join
        password_reset_token passwordre1_ 
            on user0_.id=passwordre1_.user_id 
    where
        user0_.id=?
Hibernate: 
    select
        user0_.id as id1_3_1_,
        user0_.country as country2_3_1_,
        user0_.description as descript3_3_1_,
        user0_.email as email4_3_1_,
        user0_.enabled as enabled5_3_1_,
        user0_.first_name as first_na6_3_1_,
        user0_.last_name as last_nam7_3_1_,
        user0_.password as password8_3_1_,
        user0_.phone_number as phone_nu9_3_1_,
        user0_.plan_id as plan_id13_3_1_,
        user0_.profile_image_url as profile10_3_1_,
        user0_.stripe_customer_id as stripe_11_3_1_,
        user0_.username as usernam12_3_1_,
        passwordre1_.user_id as user_id4_0_3_,
        passwordre1_.id as id1_0_3_,
        passwordre1_.id as id1_0_0_,
        passwordre1_.expiry_date as expiry_d2_0_0_,
        passwordre1_.token as token3_0_0_,
        passwordre1_.user_id as user_id4_0_0_ 
    from
        user user0_ 
    left outer join
        password_reset_token passwordre1_ 
            on user0_.id=passwordre1_.user_id 
    where
        user0_.id=?
Hibernate: 
    select
        userroles0_.user_id as user_id3_4_0_,
        userroles0_.id as id1_4_0_,
        userroles0_.id as id1_4_1_,
        userroles0_.role_id as role_id2_4_1_,
        userroles0_.user_id as user_id3_4_1_,
        role1_.id as id1_2_2_,
        role1_.name as name2_2_2_ 
    from
        user_role userroles0_ 
    left outer join
        role role1_ 
            on userroles0_.role_id=role1_.id 
    where
        userroles0_.user_id=?
Hibernate: 
    select
        userroles0_.user_id as user_id3_4_0_,
        userroles0_.id as id1_4_0_,
        userroles0_.id as id1_4_1_,
        userroles0_.role_id as role_id2_4_1_,
        userroles0_.user_id as user_id3_4_1_,
        role1_.id as id1_2_2_,
        role1_.name as name2_2_2_ 
    from
        user_role userroles0_ 
    left outer join
        role role1_ 
            on userroles0_.role_id=role1_.id 
    where
        userroles0_.user_id=?
Hibernate: 
    select
        userroles0_.user_id as user_id3_4_0_,
        userroles0_.id as id1_4_0_,
        userroles0_.id as id1_4_1_,
        userroles0_.role_id as role_id2_4_1_,
        userroles0_.user_id as user_id3_4_1_,
        role1_.id as id1_2_2_,
        role1_.name as name2_2_2_ 
    from
        user_role userroles0_ 
    left outer join
        role role1_ 
            on userroles0_.role_id=role1_.id 
    where
        userroles0_.user_id=?
Hibernate: 
    select
        userroles0_.user_id as user_id3_4_0_,
        userroles0_.id as id1_4_0_,
        userroles0_.id as id1_4_1_,
        userroles0_.role_id as role_id2_4_1_,
        userroles0_.user_id as user_id3_4_1_,
        role1_.id as id1_2_2_,
        role1_.name as name2_2_2_ 
    from
        user_role userroles0_ 
    left outer join
        role role1_ 
            on userroles0_.role_id=role1_.id 
    where
        userroles0_.user_id=?
Hibernate: 
    select
        plan_.id,
        plan_.name as name2_1_ 
    from
        plan plan_ 
    where
        plan_.id=?
Hibernate: 
    insert 
    into
        user
        (id, country, description, email, enabled, first_name, last_name, password, phone_number, plan_id, profile_image_url, stripe_customer_id, username) 
    values
        (null, ?, ?, ?, ?, ?, ?, ?, ?, ?, ?, ?, ?)
Hibernate: 
    select
        role_.id,
        role_.name as name2_2_ 
    from
        role role_ 
    where
        role_.id=?
Hibernate: 
    insert 
    into
        user_role
        (id, role_id, user_id) 
    values
        (null, ?, ?)
Hibernate: 
    select
        user0_.id as id1_3_0_,
        user0_.country as country2_3_0_,
        user0_.description as descript3_3_0_,
        user0_.email as email4_3_0_,
        user0_.enabled as enabled5_3_0_,
        user0_.first_name as first_na6_3_0_,
        user0_.last_name as last_nam7_3_0_,
        user0_.password as password8_3_0_,
        user0_.phone_number as phone_nu9_3_0_,
        user0_.plan_id as plan_id13_3_0_,
        user0_.profile_image_url as profile10_3_0_,
        user0_.stripe_customer_id as stripe_11_3_0_,
        user0_.username as usernam12_3_0_,
        plan1_.id as id1_1_1_,
        plan1_.name as name2_1_1_,
        userroles2_.user_id as user_id3_4_2_,
        userroles2_.id as id1_4_2_,
        userroles2_.id as id1_4_3_,
        userroles2_.role_id as role_id2_4_3_,
        userroles2_.user_id as user_id3_4_3_,
        role3_.id as id1_2_4_,
        role3_.name as name2_2_4_ 
    from
        user user0_ 
    left outer join
        plan plan1_ 
            on user0_.plan_id=plan1_.id 
    left outer join
        user_role userroles2_ 
            on user0_.id=userroles2_.user_id 
    left outer join
        role role3_ 
            on userroles2_.role_id=role3_.id 
    where
        user0_.id=?
Hibernate: 
    select
        plan0_.id as id1_1_0_,
        plan0_.name as name2_1_0_ 
    from
        plan plan0_ 
    where
        plan0_.id=?
Hibernate: 
    select
        role0_.id as id1_2_1_,
        role0_.name as name2_2_1_,
        userroles1_.role_id as role_id2_4_3_,
        userroles1_.id as id1_4_3_,
        userroles1_.id as id1_4_0_,
        userroles1_.role_id as role_id2_4_0_,
        userroles1_.user_id as user_id3_4_0_ 
    from
        role role0_ 
    left outer join
        user_role userroles1_ 
            on role0_.id=userroles1_.role_id 
    where
        role0_.id=?
Hibernate: 
    select
        user0_.id as id1_3_1_,
        user0_.country as country2_3_1_,
        user0_.description as descript3_3_1_,
        user0_.email as email4_3_1_,
        user0_.enabled as enabled5_3_1_,
        user0_.first_name as first_na6_3_1_,
        user0_.last_name as last_nam7_3_1_,
        user0_.password as password8_3_1_,
        user0_.phone_number as phone_nu9_3_1_,
        user0_.plan_id as plan_id13_3_1_,
        user0_.profile_image_url as profile10_3_1_,
        user0_.stripe_customer_id as stripe_11_3_1_,
        user0_.username as usernam12_3_1_,
        passwordre1_.user_id as user_id4_0_3_,
        passwordre1_.id as id1_0_3_,
        passwordre1_.id as id1_0_0_,
        passwordre1_.expiry_date as expiry_d2_0_0_,
        passwordre1_.token as token3_0_0_,
        passwordre1_.user_id as user_id4_0_0_ 
    from
        user user0_ 
    left outer join
        password_reset_token passwordre1_ 
            on user0_.id=passwordre1_.user_id 
    where
        user0_.id=?
Hibernate: 
    select
        plan0_.id as id1_1_0_,
        plan0_.name as name2_1_0_ 
    from
        plan plan0_ 
    where
        plan0_.id=?
Hibernate: 
    select
        user0_.id as id1_3_1_,
        user0_.country as country2_3_1_,
        user0_.description as descript3_3_1_,
        user0_.email as email4_3_1_,
        user0_.enabled as enabled5_3_1_,
        user0_.first_name as first_na6_3_1_,
        user0_.last_name as last_nam7_3_1_,
        user0_.password as password8_3_1_,
        user0_.phone_number as phone_nu9_3_1_,
        user0_.plan_id as plan_id13_3_1_,
        user0_.profile_image_url as profile10_3_1_,
        user0_.stripe_customer_id as stripe_11_3_1_,
        user0_.username as usernam12_3_1_,
        passwordre1_.user_id as user_id4_0_3_,
        passwordre1_.id as id1_0_3_,
        passwordre1_.id as id1_0_0_,
        passwordre1_.expiry_date as expiry_d2_0_0_,
        passwordre1_.token as token3_0_0_,
        passwordre1_.user_id as user_id4_0_0_ 
    from
        user user0_ 
    left outer join
        password_reset_token passwordre1_ 
            on user0_.id=passwordre1_.user_id 
    where
        user0_.id=?
Hibernate: 
    select
        user0_.id as id1_3_1_,
        user0_.country as country2_3_1_,
        user0_.description as descript3_3_1_,
        user0_.email as email4_3_1_,
        user0_.enabled as enabled5_3_1_,
        user0_.first_name as first_na6_3_1_,
        user0_.last_name as last_nam7_3_1_,
        user0_.password as password8_3_1_,
        user0_.phone_number as phone_nu9_3_1_,
        user0_.plan_id as plan_id13_3_1_,
        user0_.profile_image_url as profile10_3_1_,
        user0_.stripe_customer_id as stripe_11_3_1_,
        user0_.username as usernam12_3_1_,
        passwordre1_.user_id as user_id4_0_3_,
        passwordre1_.id as id1_0_3_,
        passwordre1_.id as id1_0_0_,
        passwordre1_.expiry_date as expiry_d2_0_0_,
        passwordre1_.token as token3_0_0_,
        passwordre1_.user_id as user_id4_0_0_ 
    from
        user user0_ 
    left outer join
        password_reset_token passwordre1_ 
            on user0_.id=passwordre1_.user_id 
    where
        user0_.id=?
Hibernate: 
    select
        user0_.id as id1_3_1_,
        user0_.country as country2_3_1_,
        user0_.description as descript3_3_1_,
        user0_.email as email4_3_1_,
        user0_.enabled as enabled5_3_1_,
        user0_.first_name as first_na6_3_1_,
        user0_.last_name as last_nam7_3_1_,
        user0_.password as password8_3_1_,
        user0_.phone_number as phone_nu9_3_1_,
        user0_.plan_id as plan_id13_3_1_,
        user0_.profile_image_url as profile10_3_1_,
        user0_.stripe_customer_id as stripe_11_3_1_,
        user0_.username as usernam12_3_1_,
        passwordre1_.user_id as user_id4_0_3_,
        passwordre1_.id as id1_0_3_,
        passwordre1_.id as id1_0_0_,
        passwordre1_.expiry_date as expiry_d2_0_0_,
        passwordre1_.token as token3_0_0_,
        passwordre1_.user_id as user_id4_0_0_ 
    from
        user user0_ 
    left outer join
        password_reset_token passwordre1_ 
            on user0_.id=passwordre1_.user_id 
    where
        user0_.id=?
Hibernate: 
    select
        user0_.id as id1_3_1_,
        user0_.country as country2_3_1_,
        user0_.description as descript3_3_1_,
        user0_.email as email4_3_1_,
        user0_.enabled as enabled5_3_1_,
        user0_.first_name as first_na6_3_1_,
        user0_.last_name as last_nam7_3_1_,
        user0_.password as password8_3_1_,
        user0_.phone_number as phone_nu9_3_1_,
        user0_.plan_id as plan_id13_3_1_,
        user0_.profile_image_url as profile10_3_1_,
        user0_.stripe_customer_id as stripe_11_3_1_,
        user0_.username as usernam12_3_1_,
        passwordre1_.user_id as user_id4_0_3_,
        passwordre1_.id as id1_0_3_,
        passwordre1_.id as id1_0_0_,
        passwordre1_.expiry_date as expiry_d2_0_0_,
        passwordre1_.token as token3_0_0_,
        passwordre1_.user_id as user_id4_0_0_ 
    from
        user user0_ 
    left outer join
        password_reset_token passwordre1_ 
            on user0_.id=passwordre1_.user_id 
    where
        user0_.id=?
Hibernate: 
    select
        userroles0_.user_id as user_id3_4_0_,
        userroles0_.id as id1_4_0_,
        userroles0_.id as id1_4_1_,
        userroles0_.role_id as role_id2_4_1_,
        userroles0_.user_id as user_id3_4_1_,
        role1_.id as id1_2_2_,
        role1_.name as name2_2_2_ 
    from
        user_role userroles0_ 
    left outer join
        role role1_ 
            on userroles0_.role_id=role1_.id 
    where
        userroles0_.user_id=?
Hibernate: 
    select
        userroles0_.user_id as user_id3_4_0_,
        userroles0_.id as id1_4_0_,
        userroles0_.id as id1_4_1_,
        userroles0_.role_id as role_id2_4_1_,
        userroles0_.user_id as user_id3_4_1_,
        role1_.id as id1_2_2_,
        role1_.name as name2_2_2_ 
    from
        user_role userroles0_ 
    left outer join
        role role1_ 
            on userroles0_.role_id=role1_.id 
    where
        userroles0_.user_id=?
Hibernate: 
    select
        userroles0_.user_id as user_id3_4_0_,
        userroles0_.id as id1_4_0_,
        userroles0_.id as id1_4_1_,
        userroles0_.role_id as role_id2_4_1_,
        userroles0_.user_id as user_id3_4_1_,
        role1_.id as id1_2_2_,
        role1_.name as name2_2_2_ 
    from
        user_role userroles0_ 
    left outer join
        role role1_ 
            on userroles0_.role_id=role1_.id 
    where
        userroles0_.user_id=?
Hibernate: 
    select
        userroles0_.user_id as user_id3_4_0_,
        userroles0_.id as id1_4_0_,
        userroles0_.id as id1_4_1_,
        userroles0_.role_id as role_id2_4_1_,
        userroles0_.user_id as user_id3_4_1_,
        role1_.id as id1_2_2_,
        role1_.name as name2_2_2_ 
    from
        user_role userroles0_ 
    left outer join
        role role1_ 
            on userroles0_.role_id=role1_.id 
    where
        userroles0_.user_id=?
Hibernate: 
    select
        userroles0_.user_id as user_id3_4_0_,
        userroles0_.id as id1_4_0_,
        userroles0_.id as id1_4_1_,
        userroles0_.role_id as role_id2_4_1_,
        userroles0_.user_id as user_id3_4_1_,
        role1_.id as id1_2_2_,
        role1_.name as name2_2_2_ 
    from
        user_role userroles0_ 
    left outer join
        role role1_ 
            on userroles0_.role_id=role1_.id 
    where
        userroles0_.user_id=?
Hibernate: 
    select
        plan_.id,
        plan_.name as name2_1_ 
    from
        plan plan_ 
    where
        plan_.id=?
Hibernate: 
    insert 
    into
        user
        (id, country, description, email, enabled, first_name, last_name, password, phone_number, plan_id, profile_image_url, stripe_customer_id, username) 
    values
        (null, ?, ?, ?, ?, ?, ?, ?, ?, ?, ?, ?, ?)
Hibernate: 
    select
        role_.id,
        role_.name as name2_2_ 
    from
        role role_ 
    where
        role_.id=?
Hibernate: 
    insert 
    into
        user_role
        (id, role_id, user_id) 
    values
        (null, ?, ?)
Hibernate: 
    select
        user0_.id as id1_3_0_,
        user0_.country as country2_3_0_,
        user0_.description as descript3_3_0_,
        user0_.email as email4_3_0_,
        user0_.enabled as enabled5_3_0_,
        user0_.first_name as first_na6_3_0_,
        user0_.last_name as last_nam7_3_0_,
        user0_.password as password8_3_0_,
        user0_.phone_number as phone_nu9_3_0_,
        user0_.plan_id as plan_id13_3_0_,
        user0_.profile_image_url as profile10_3_0_,
        user0_.stripe_customer_id as stripe_11_3_0_,
        user0_.username as usernam12_3_0_,
        plan1_.id as id1_1_1_,
        plan1_.name as name2_1_1_,
        userroles2_.user_id as user_id3_4_2_,
        userroles2_.id as id1_4_2_,
        userroles2_.id as id1_4_3_,
        userroles2_.role_id as role_id2_4_3_,
        userroles2_.user_id as user_id3_4_3_,
        role3_.id as id1_2_4_,
        role3_.name as name2_2_4_ 
    from
        user user0_ 
    left outer join
        plan plan1_ 
            on user0_.plan_id=plan1_.id 
    left outer join
        user_role userroles2_ 
            on user0_.id=userroles2_.user_id 
    left outer join
        role role3_ 
            on userroles2_.role_id=role3_.id 
    where
        user0_.id=?
Hibernate: 
    select
        passwordre0_.user_id as user_id4_0_0_,
        passwordre0_.id as id1_0_0_,
        passwordre0_.id as id1_0_1_,
        passwordre0_.expiry_date as expiry_d2_0_1_,
        passwordre0_.token as token3_0_1_,
        passwordre0_.user_id as user_id4_0_1_ 
    from
        password_reset_token passwordre0_ 
    where
        passwordre0_.user_id=?
Hibernate: 
    delete 
    from
        user_role 
    where
        id=?
Hibernate: 
    delete 
    from
        user 
    where
        id=?
Hibernate: 
    select
        plan0_.id as id1_1_0_,
        plan0_.name as name2_1_0_ 
    from
        plan plan0_ 
    where
        plan0_.id=?
Hibernate: 
    select
        plan0_.id as id1_1_0_,
        plan0_.name as name2_1_0_ 
    from
        plan plan0_ 
    where
        plan0_.id=?
Hibernate: 
    select
        role0_.id as id1_2_1_,
        role0_.name as name2_2_1_,
        userroles1_.role_id as role_id2_4_3_,
        userroles1_.id as id1_4_3_,
        userroles1_.id as id1_4_0_,
        userroles1_.role_id as role_id2_4_0_,
        userroles1_.user_id as user_id3_4_0_ 
    from
        role role0_ 
    left outer join
        user_role userroles1_ 
            on role0_.id=userroles1_.role_id 
    where
        role0_.id=?
Hibernate: 
    select
        user0_.id as id1_3_1_,
        user0_.country as country2_3_1_,
        user0_.description as descript3_3_1_,
        user0_.email as email4_3_1_,
        user0_.enabled as enabled5_3_1_,
        user0_.first_name as first_na6_3_1_,
        user0_.last_name as last_nam7_3_1_,
        user0_.password as password8_3_1_,
        user0_.phone_number as phone_nu9_3_1_,
        user0_.plan_id as plan_id13_3_1_,
        user0_.profile_image_url as profile10_3_1_,
        user0_.stripe_customer_id as stripe_11_3_1_,
        user0_.username as usernam12_3_1_,
        passwordre1_.user_id as user_id4_0_3_,
        passwordre1_.id as id1_0_3_,
        passwordre1_.id as id1_0_0_,
        passwordre1_.expiry_date as expiry_d2_0_0_,
        passwordre1_.token as token3_0_0_,
        passwordre1_.user_id as user_id4_0_0_ 
    from
        user user0_ 
    left outer join
        password_reset_token passwordre1_ 
            on user0_.id=passwordre1_.user_id 
    where
        user0_.id=?
Hibernate: 
    select
        plan0_.id as id1_1_0_,
        plan0_.name as name2_1_0_ 
    from
        plan plan0_ 
    where
        plan0_.id=?
Hibernate: 
    select
        user0_.id as id1_3_1_,
        user0_.country as country2_3_1_,
        user0_.description as descript3_3_1_,
        user0_.email as email4_3_1_,
        user0_.enabled as enabled5_3_1_,
        user0_.first_name as first_na6_3_1_,
        user0_.last_name as last_nam7_3_1_,
        user0_.password as password8_3_1_,
        user0_.phone_number as phone_nu9_3_1_,
        user0_.plan_id as plan_id13_3_1_,
        user0_.profile_image_url as profile10_3_1_,
        user0_.stripe_customer_id as stripe_11_3_1_,
        user0_.username as usernam12_3_1_,
        passwordre1_.user_id as user_id4_0_3_,
        passwordre1_.id as id1_0_3_,
        passwordre1_.id as id1_0_0_,
        passwordre1_.expiry_date as expiry_d2_0_0_,
        passwordre1_.token as token3_0_0_,
        passwordre1_.user_id as user_id4_0_0_ 
    from
        user user0_ 
    left outer join
        password_reset_token passwordre1_ 
            on user0_.id=passwordre1_.user_id 
    where
        user0_.id=?
Hibernate: 
    select
        user0_.id as id1_3_1_,
        user0_.country as country2_3_1_,
        user0_.description as descript3_3_1_,
        user0_.email as email4_3_1_,
        user0_.enabled as enabled5_3_1_,
        user0_.first_name as first_na6_3_1_,
        user0_.last_name as last_nam7_3_1_,
        user0_.password as password8_3_1_,
        user0_.phone_number as phone_nu9_3_1_,
        user0_.plan_id as plan_id13_3_1_,
        user0_.profile_image_url as profile10_3_1_,
        user0_.stripe_customer_id as stripe_11_3_1_,
        user0_.username as usernam12_3_1_,
        passwordre1_.user_id as user_id4_0_3_,
        passwordre1_.id as id1_0_3_,
        passwordre1_.id as id1_0_0_,
        passwordre1_.expiry_date as expiry_d2_0_0_,
        passwordre1_.token as token3_0_0_,
        passwordre1_.user_id as user_id4_0_0_ 
    from
        user user0_ 
    left outer join
        password_reset_token passwordre1_ 
            on user0_.id=passwordre1_.user_id 
    where
        user0_.id=?
Hibernate: 
    select
        user0_.id as id1_3_1_,
        user0_.country as country2_3_1_,
        user0_.description as descript3_3_1_,
        user0_.email as email4_3_1_,
        user0_.enabled as enabled5_3_1_,
        user0_.first_name as first_na6_3_1_,
        user0_.last_name as last_nam7_3_1_,
        user0_.password as password8_3_1_,
        user0_.phone_number as phone_nu9_3_1_,
        user0_.plan_id as plan_id13_3_1_,
        user0_.profile_image_url as profile10_3_1_,
        user0_.stripe_customer_id as stripe_11_3_1_,
        user0_.username as usernam12_3_1_,
        passwordre1_.user_id as user_id4_0_3_,
        passwordre1_.id as id1_0_3_,
        passwordre1_.id as id1_0_0_,
        passwordre1_.expiry_date as expiry_d2_0_0_,
        passwordre1_.token as token3_0_0_,
        passwordre1_.user_id as user_id4_0_0_ 
    from
        user user0_ 
    left outer join
        password_reset_token passwordre1_ 
            on user0_.id=passwordre1_.user_id 
    where
        user0_.id=?
Hibernate: 
    select
        user0_.id as id1_3_1_,
        user0_.country as country2_3_1_,
        user0_.description as descript3_3_1_,
        user0_.email as email4_3_1_,
        user0_.enabled as enabled5_3_1_,
        user0_.first_name as first_na6_3_1_,
        user0_.last_name as last_nam7_3_1_,
        user0_.password as password8_3_1_,
        user0_.phone_number as phone_nu9_3_1_,
        user0_.plan_id as plan_id13_3_1_,
        user0_.profile_image_url as profile10_3_1_,
        user0_.stripe_customer_id as stripe_11_3_1_,
        user0_.username as usernam12_3_1_,
        passwordre1_.user_id as user_id4_0_3_,
        passwordre1_.id as id1_0_3_,
        passwordre1_.id as id1_0_0_,
        passwordre1_.expiry_date as expiry_d2_0_0_,
        passwordre1_.token as token3_0_0_,
        passwordre1_.user_id as user_id4_0_0_ 
    from
        user user0_ 
    left outer join
        password_reset_token passwordre1_ 
            on user0_.id=passwordre1_.user_id 
    where
        user0_.id=?
Hibernate: 
    select
        userroles0_.user_id as user_id3_4_0_,
        userroles0_.id as id1_4_0_,
        userroles0_.id as id1_4_1_,
        userroles0_.role_id as role_id2_4_1_,
        userroles0_.user_id as user_id3_4_1_,
        role1_.id as id1_2_2_,
        role1_.name as name2_2_2_ 
    from
        user_role userroles0_ 
    left outer join
        role role1_ 
            on userroles0_.role_id=role1_.id 
    where
        userroles0_.user_id=?
Hibernate: 
    select
        userroles0_.user_id as user_id3_4_0_,
        userroles0_.id as id1_4_0_,
        userroles0_.id as id1_4_1_,
        userroles0_.role_id as role_id2_4_1_,
        userroles0_.user_id as user_id3_4_1_,
        role1_.id as id1_2_2_,
        role1_.name as name2_2_2_ 
    from
        user_role userroles0_ 
    left outer join
        role role1_ 
            on userroles0_.role_id=role1_.id 
    where
        userroles0_.user_id=?
Hibernate: 
    select
        userroles0_.user_id as user_id3_4_0_,
        userroles0_.id as id1_4_0_,
        userroles0_.id as id1_4_1_,
        userroles0_.role_id as role_id2_4_1_,
        userroles0_.user_id as user_id3_4_1_,
        role1_.id as id1_2_2_,
        role1_.name as name2_2_2_ 
    from
        user_role userroles0_ 
    left outer join
        role role1_ 
            on userroles0_.role_id=role1_.id 
    where
        userroles0_.user_id=?
Hibernate: 
    select
        userroles0_.user_id as user_id3_4_0_,
        userroles0_.id as id1_4_0_,
        userroles0_.id as id1_4_1_,
        userroles0_.role_id as role_id2_4_1_,
        userroles0_.user_id as user_id3_4_1_,
        role1_.id as id1_2_2_,
        role1_.name as name2_2_2_ 
    from
        user_role userroles0_ 
    left outer join
        role role1_ 
            on userroles0_.role_id=role1_.id 
    where
        userroles0_.user_id=?
Hibernate: 
    select
        userroles0_.user_id as user_id3_4_0_,
        userroles0_.id as id1_4_0_,
        userroles0_.id as id1_4_1_,
        userroles0_.role_id as role_id2_4_1_,
        userroles0_.user_id as user_id3_4_1_,
        role1_.id as id1_2_2_,
        role1_.name as name2_2_2_ 
    from
        user_role userroles0_ 
    left outer join
        role role1_ 
            on userroles0_.role_id=role1_.id 
    where
        userroles0_.user_id=?
Hibernate: 
    select
        role0_.id as id1_2_0_,
        role0_.name as name2_2_0_ 
    from
        role role0_ 
    where
        role0_.id=?
]]></system-out>
  <system-err><![CDATA[]]></system-err>
</testsuite>
