<?xml version="1.0" encoding="UTF-8"?>
<testsuite name="com.cappuccino.CappuccinoApplicationTest" tests="0" skipped="0" failures="0" errors="0" timestamp="1970-01-01T00:00:00" hostname="marketplay-lm" time="0.0">
  <properties/>
  <system-out><![CDATA[242  [Test worker] INFO  o.s.b.t.c.SpringBootTestContextBootstrapper - Neither @ContextConfiguration nor @ContextHierarchy found for test class [com.cappuccino.CappuccinoApplicationTest], using SpringBootContextLoader
248  [Test worker] INFO  o.s.t.c.s.AbstractContextLoader - Could not detect default resource locations for test class [com.cappuccino.CappuccinoApplicationTest]: no resource found for suffixes {-context.xml, Context.groovy}.
250  [Test worker] INFO  o.s.t.c.s.AnnotationConfigContextLoaderUtils - Could not detect default configuration classes for test class [com.cappuccino.CappuccinoApplicationTest]: CappuccinoApplicationTest does not declare any static, non-private, non-final, nested classes annotated with @Configuration.
338  [Test worker] INFO  o.s.b.t.c.SpringBootTestContextBootstrapper - Found @SpringBootConfiguration com.cappuccino.CappuccinoApplication for test class com.cappuccino.CappuccinoApplicationTest
346  [Test worker] INFO  o.s.b.t.c.SpringBootTestContextBootstrapper - Loaded default TestExecutionListener class names from location [META-INF/spring.factories]: [org.springframework.boot.test.mock.mockito.MockitoTestExecutionListener, org.springframework.boot.test.mock.mockito.ResetMocksTestExecutionListener, org.springframework.boot.test.autoconfigure.restdocs.RestDocsTestExecutionListener, org.springframework.boot.test.autoconfigure.web.client.MockRestServiceServerResetTestExecutionListener, org.springframework.boot.test.autoconfigure.web.servlet.MockMvcPrintOnlyOnFailureTestExecutionListener, org.springframework.boot.test.autoconfigure.web.servlet.WebDriverTestExecutionListener, org.springframework.test.context.web.ServletTestExecutionListener, org.springframework.test.context.support.DirtiesContextBeforeModesTestExecutionListener, org.springframework.test.context.support.DependencyInjectionTestExecutionListener, org.springframework.test.context.support.DirtiesContextTestExecutionListener, org.springframework.test.context.transaction.TransactionalTestExecutionListener, org.springframework.test.context.jdbc.SqlScriptsTestExecutionListener]
364  [Test worker] INFO  o.s.b.t.c.SpringBootTestContextBootstrapper - Using TestExecutionListeners: [org.springframework.test.context.web.ServletTestExecutionListener@1c91e16a, org.springframework.test.context.support.DirtiesContextBeforeModesTestExecutionListener@296d7631, org.springframework.boot.test.autoconfigure.SpringBootDependencyInjectionTestExecutionListener@2a54fd09, org.springframework.test.context.support.DirtiesContextTestExecutionListener@46a94ac7, org.springframework.test.context.transaction.TransactionalTestExecutionListener@55a079c9, org.springframework.test.context.jdbc.SqlScriptsTestExecutionListener@173e51b2, org.springframework.boot.test.mock.mockito.MockitoTestExecutionListener@1a0f5ae9, org.springframework.boot.test.autoconfigure.web.servlet.MockMvcPrintOnlyOnFailureTestExecutionListener@167cc41d, org.springframework.boot.test.autoconfigure.restdocs.RestDocsTestExecutionListener@4044992a, org.springframework.boot.test.autoconfigure.web.client.MockRestServiceServerResetTestExecutionListener@2512e351, org.springframework.boot.test.autoconfigure.web.servlet.WebDriverTestExecutionListener@452a3d08, org.springframework.boot.test.mock.mockito.ResetMocksTestExecutionListener@3586459c]
]]></system-out>
  <system-err><![CDATA[]]></system-err>
</testsuite>
