<?xml version="1.0" encoding="UTF-8"?>
<testsuite name="com.cappuccino.test.integration.UserServiceIntegrationTest" tests="0" skipped="0" failures="0" errors="0" timestamp="1970-01-01T00:00:00" hostname="marketplay-lm" time="0.0">
  <properties/>
  <system-out><![CDATA[433  [Test worker] INFO  o.s.b.t.c.SpringBootTestContextBootstrapper - Neither @ContextConfiguration nor @ContextHierarchy found for test class [com.cappuccino.test.integration.UserServiceIntegrationTest], using SpringBootContextLoader
435  [Test worker] INFO  o.s.t.c.s.AbstractContextLoader - Could not detect default resource locations for test class [com.cappuccino.test.integration.UserServiceIntegrationTest]: no resource found for suffixes {-context.xml, Context.groovy}.
435  [Test worker] INFO  o.s.t.c.s.AnnotationConfigContextLoaderUtils - Could not detect default configuration classes for test class [com.cappuccino.test.integration.UserServiceIntegrationTest]: UserServiceIntegrationTest does not declare any static, non-private, non-final, nested classes annotated with @Configuration.
438  [Test worker] INFO  o.s.b.t.c.SpringBootTestContextBootstrapper - Found @SpringBootConfiguration com.cappuccino.CappuccinoApplication for test class com.cappuccino.test.integration.UserServiceIntegrationTest
441  [Test worker] INFO  o.s.b.t.c.SpringBootTestContextBootstrapper - Loaded default TestExecutionListener class names from location [META-INF/spring.factories]: [org.springframework.boot.test.mock.mockito.MockitoTestExecutionListener, org.springframework.boot.test.mock.mockito.ResetMocksTestExecutionListener, org.springframework.boot.test.autoconfigure.restdocs.RestDocsTestExecutionListener, org.springframework.boot.test.autoconfigure.web.client.MockRestServiceServerResetTestExecutionListener, org.springframework.boot.test.autoconfigure.web.servlet.MockMvcPrintOnlyOnFailureTestExecutionListener, org.springframework.boot.test.autoconfigure.web.servlet.WebDriverTestExecutionListener, org.springframework.test.context.web.ServletTestExecutionListener, org.springframework.test.context.support.DirtiesContextBeforeModesTestExecutionListener, org.springframework.test.context.support.DependencyInjectionTestExecutionListener, org.springframework.test.context.support.DirtiesContextTestExecutionListener, org.springframework.test.context.transaction.TransactionalTestExecutionListener, org.springframework.test.context.jdbc.SqlScriptsTestExecutionListener]
443  [Test worker] INFO  o.s.b.t.c.SpringBootTestContextBootstrapper - Using TestExecutionListeners: [org.springframework.test.context.web.ServletTestExecutionListener@484cc989, org.springframework.test.context.support.DirtiesContextBeforeModesTestExecutionListener@cc230f9, org.springframework.boot.test.autoconfigure.SpringBootDependencyInjectionTestExecutionListener@74a7dbf9, org.springframework.test.context.support.DirtiesContextTestExecutionListener@5175f639, org.springframework.test.context.transaction.TransactionalTestExecutionListener@7f5b6d1f, org.springframework.test.context.jdbc.SqlScriptsTestExecutionListener@6283cff5, org.springframework.boot.test.mock.mockito.MockitoTestExecutionListener@28b1a84f, org.springframework.boot.test.autoconfigure.web.servlet.MockMvcPrintOnlyOnFailureTestExecutionListener@560b575e, org.springframework.boot.test.autoconfigure.restdocs.RestDocsTestExecutionListener@721cfb15, org.springframework.boot.test.autoconfigure.web.client.MockRestServiceServerResetTestExecutionListener@e9c6ec4, org.springframework.boot.test.autoconfigure.web.servlet.WebDriverTestExecutionListener@2bca4c88, org.springframework.boot.test.mock.mockito.ResetMocksTestExecutionListener@27774f08]
]]></system-out>
  <system-err><![CDATA[]]></system-err>
</testsuite>
