<?xml version="1.0" encoding="UTF-8"?>
<testsuite name="com.cappuccino.CappuccinoApplicationTest" tests="0" skipped="0" failures="0" errors="0" timestamp="1970-01-01T00:00:00" hostname="marketplay-lm" time="0.0">
  <properties/>
  <system-out><![CDATA[248  [Test worker] INFO  o.s.b.t.c.SpringBootTestContextBootstrapper - Neither @ContextConfiguration nor @ContextHierarchy found for test class [com.cappuccino.CappuccinoApplicationTest], using SpringBootContextLoader
254  [Test worker] INFO  o.s.t.c.s.AbstractContextLoader - Could not detect default resource locations for test class [com.cappuccino.CappuccinoApplicationTest]: no resource found for suffixes {-context.xml, Context.groovy}.
255  [Test worker] INFO  o.s.t.c.s.AnnotationConfigContextLoaderUtils - Could not detect default configuration classes for test class [com.cappuccino.CappuccinoApplicationTest]: CappuccinoApplicationTest does not declare any static, non-private, non-final, nested classes annotated with @Configuration.
362  [Test worker] INFO  o.s.b.t.c.SpringBootTestContextBootstrapper - Found @SpringBootConfiguration com.cappuccino.CappuccinoApplication for test class com.cappuccino.CappuccinoApplicationTest
369  [Test worker] INFO  o.s.b.t.c.SpringBootTestContextBootstrapper - Loaded default TestExecutionListener class names from location [META-INF/spring.factories]: [org.springframework.boot.test.mock.mockito.MockitoTestExecutionListener, org.springframework.boot.test.mock.mockito.ResetMocksTestExecutionListener, org.springframework.boot.test.autoconfigure.restdocs.RestDocsTestExecutionListener, org.springframework.boot.test.autoconfigure.web.client.MockRestServiceServerResetTestExecutionListener, org.springframework.boot.test.autoconfigure.web.servlet.MockMvcPrintOnlyOnFailureTestExecutionListener, org.springframework.boot.test.autoconfigure.web.servlet.WebDriverTestExecutionListener, org.springframework.test.context.web.ServletTestExecutionListener, org.springframework.test.context.support.DirtiesContextBeforeModesTestExecutionListener, org.springframework.test.context.support.DependencyInjectionTestExecutionListener, org.springframework.test.context.support.DirtiesContextTestExecutionListener, org.springframework.test.context.transaction.TransactionalTestExecutionListener, org.springframework.test.context.jdbc.SqlScriptsTestExecutionListener]
389  [Test worker] INFO  o.s.b.t.c.SpringBootTestContextBootstrapper - Using TestExecutionListeners: [org.springframework.test.context.web.ServletTestExecutionListener@aa9dd8, org.springframework.test.context.support.DirtiesContextBeforeModesTestExecutionListener@1ac944b2, org.springframework.boot.test.autoconfigure.SpringBootDependencyInjectionTestExecutionListener@90a922c, org.springframework.test.context.support.DirtiesContextTestExecutionListener@3516005b, org.springframework.test.context.transaction.TransactionalTestExecutionListener@61061f7c, org.springframework.test.context.jdbc.SqlScriptsTestExecutionListener@313a2b3a, org.springframework.boot.test.autoconfigure.web.servlet.MockMvcPrintOnlyOnFailureTestExecutionListener@6cfc54c3, org.springframework.boot.test.autoconfigure.restdocs.RestDocsTestExecutionListener@696d85df, org.springframework.boot.test.autoconfigure.web.servlet.WebDriverTestExecutionListener@38c18a71, org.springframework.boot.test.mock.mockito.ResetMocksTestExecutionListener@58c215a8, org.springframework.boot.test.autoconfigure.web.client.MockRestServiceServerResetTestExecutionListener@5696083f, org.springframework.boot.test.mock.mockito.MockitoTestExecutionListener@53d03c4f]
]]></system-out>
  <system-err><![CDATA[]]></system-err>
</testsuite>
